2023-07-14 16:16:16,604 asyncio DEBUG Using selector: SelectSelector
2023-07-14 16:16:16,606 root DEBUG Начата загрузка вакансии /vacancies/82841724
2023-07-14 16:16:16,618 root DEBUG Начата загрузка вакансии /vacancies/83438237
2023-07-14 16:16:16,618 root DEBUG Начата загрузка вакансии /vacancies/83300859
2023-07-14 16:16:16,618 root DEBUG Начата загрузка вакансии /vacancies/81949300
2023-07-14 16:16:16,619 root DEBUG Начата загрузка вакансии /vacancies/83409394
2023-07-14 16:16:16,619 root DEBUG Начата загрузка вакансии /vacancies/82858718
2023-07-14 16:16:16,619 root DEBUG Начата загрузка вакансии /vacancies/82825127
2023-07-14 16:16:16,620 root DEBUG Начата загрузка вакансии /vacancies/83234434
2023-07-14 16:16:16,620 root DEBUG Начата загрузка вакансии /vacancies/83409596
2023-07-14 16:16:16,620 root DEBUG Начата загрузка вакансии /vacancies/82987200
2023-07-14 16:16:16,621 root DEBUG Начата загрузка вакансии /vacancies/83279670
2023-07-14 16:16:16,621 root DEBUG Начата загрузка вакансии /vacancies/83225173
2023-07-14 16:16:16,621 root DEBUG Начата загрузка вакансии /vacancies/82402579
2023-07-14 16:16:16,621 root DEBUG Начата загрузка вакансии /vacancies/83345919
2023-07-14 16:16:16,622 root DEBUG Начата загрузка вакансии /vacancies/82119961
2023-07-14 16:16:16,622 root DEBUG Начата загрузка вакансии /vacancies/83409606
2023-07-14 16:16:16,622 root DEBUG Начата загрузка вакансии /vacancies/82870104
2023-07-14 16:16:16,622 root DEBUG Начата загрузка вакансии /vacancies/81941871
2023-07-14 16:16:16,623 root DEBUG Начата загрузка вакансии /vacancies/83256342
2023-07-14 16:16:16,623 root DEBUG Начата загрузка вакансии /vacancies/83279671
2023-07-14 16:16:16,623 root DEBUG Начата загрузка вакансии /vacancies/82055830
2023-07-14 16:16:16,624 root DEBUG Начата загрузка вакансии /vacancies/82936068
2023-07-14 16:16:16,624 root DEBUG Начата загрузка вакансии /vacancies/82910400
2023-07-14 16:16:16,624 root DEBUG Начата загрузка вакансии /vacancies/82596275
2023-07-14 16:16:16,624 root DEBUG Начата загрузка вакансии /vacancies/82544732
2023-07-14 16:16:16,625 root DEBUG Начата загрузка вакансии /vacancies/83395419
2023-07-14 16:16:16,625 root DEBUG Начата загрузка вакансии /vacancies/82260854
2023-07-14 16:16:16,625 root DEBUG Начата загрузка вакансии /vacancies/83200368
2023-07-14 16:16:16,625 root DEBUG Начата загрузка вакансии /vacancies/83188462
2023-07-14 16:16:16,626 root DEBUG Начата загрузка вакансии /vacancies/82056502
2023-07-14 16:16:16,626 root DEBUG Начата загрузка вакансии /vacancies/82144205
2023-07-14 16:16:16,626 root DEBUG Начата загрузка вакансии /vacancies/83303987
2023-07-14 16:16:16,627 root DEBUG Начата загрузка вакансии /vacancies/83026155
2023-07-14 16:16:16,627 root DEBUG Начата загрузка вакансии /vacancies/81744533
2023-07-14 16:16:16,627 root DEBUG Начата загрузка вакансии /vacancies/82785266
2023-07-14 16:16:16,627 root DEBUG Начата загрузка вакансии /vacancies/82915242
2023-07-14 16:16:16,628 root DEBUG Начата загрузка вакансии /vacancies/82526972
2023-07-14 16:16:16,628 root DEBUG Начата загрузка вакансии /vacancies/67115536
2023-07-14 16:16:16,628 root DEBUG Начата загрузка вакансии /vacancies/82438304
2023-07-14 16:16:16,628 root DEBUG Начата загрузка вакансии /vacancies/83207801
2023-07-14 16:16:16,629 root DEBUG Начата загрузка вакансии /vacancies/83279674
2023-07-14 16:16:16,629 root DEBUG Начата загрузка вакансии /vacancies/82942565
2023-07-14 16:16:16,629 root DEBUG Начата загрузка вакансии /vacancies/82870573
2023-07-14 16:16:16,630 root DEBUG Начата загрузка вакансии /vacancies/83409513
2023-07-14 16:16:16,630 root DEBUG Начата загрузка вакансии /vacancies/81962313
2023-07-14 16:16:16,630 root DEBUG Начата загрузка вакансии /vacancies/83268235
2023-07-14 16:16:16,631 root DEBUG Начата загрузка вакансии /vacancies/83315918
2023-07-14 16:16:16,631 root DEBUG Начата загрузка вакансии /vacancies/82144209
2023-07-14 16:16:16,631 root DEBUG Начата загрузка вакансии /vacancies/82525826
2023-07-14 16:16:16,631 root DEBUG Начата загрузка вакансии /vacancies/82883031
2023-07-14 16:16:16,632 root DEBUG Начата загрузка вакансии /vacancies/82119779
2023-07-14 16:16:16,632 root DEBUG Начата загрузка вакансии /vacancies/83386645
2023-07-14 16:16:16,632 root DEBUG Начата загрузка вакансии /vacancies/82144210
2023-07-14 16:16:16,632 root DEBUG Начата загрузка вакансии /vacancies/83153573
2023-07-14 16:16:16,633 root DEBUG Начата загрузка вакансии /vacancies/82144208
2023-07-14 16:16:16,633 root DEBUG Начата загрузка вакансии /vacancies/82104952
2023-07-14 16:16:16,634 root DEBUG Начата загрузка вакансии /vacancies/82778051
2023-07-14 16:16:16,634 root DEBUG Начата загрузка вакансии /vacancies/82175945
2023-07-14 16:16:16,634 root DEBUG Начата загрузка вакансии /vacancies/83279672
2023-07-14 16:16:16,635 root DEBUG Начата загрузка вакансии /vacancies/83324797
2023-07-14 16:16:16,635 root DEBUG Начата загрузка вакансии /vacancies/82613352
2023-07-14 16:16:16,635 root DEBUG Начата загрузка вакансии /vacancies/82892335
2023-07-14 16:16:16,636 root DEBUG Начата загрузка вакансии /vacancies/83279675
2023-07-14 16:16:16,636 root DEBUG Начата загрузка вакансии /vacancies/82194939
2023-07-14 16:16:16,636 root DEBUG Начата загрузка вакансии /vacancies/82306450
2023-07-14 16:16:16,637 root DEBUG Начата загрузка вакансии /vacancies/83026074
2023-07-14 16:16:16,637 root DEBUG Начата загрузка вакансии /vacancies/78634117
2023-07-14 16:16:16,637 root DEBUG Начата загрузка вакансии /vacancies/83268142
2023-07-14 16:16:16,638 root DEBUG Начата загрузка вакансии /vacancies/81123242
2023-07-14 16:16:16,638 root DEBUG Начата загрузка вакансии /vacancies/81029388
2023-07-14 16:16:16,638 root DEBUG Начата загрузка вакансии /vacancies/82719353
2023-07-14 16:16:16,638 root DEBUG Начата загрузка вакансии /vacancies/82103215
2023-07-14 16:16:16,639 root DEBUG Начата загрузка вакансии /vacancies/82144212
2023-07-14 16:16:16,639 root DEBUG Начата загрузка вакансии /vacancies/83438690
2023-07-14 16:16:16,639 root DEBUG Начата загрузка вакансии /vacancies/82892338
2023-07-14 16:16:16,640 root DEBUG Начата загрузка вакансии /vacancies/77731487
2023-07-14 16:16:16,640 root DEBUG Начата загрузка вакансии /vacancies/82333627
2023-07-14 16:16:16,640 root DEBUG Начата загрузка вакансии /vacancies/79828667
2023-07-14 16:16:16,640 root DEBUG Начата загрузка вакансии /vacancies/83333801
2023-07-14 16:16:16,641 root DEBUG Начата загрузка вакансии /vacancies/82546684
2023-07-14 16:16:16,641 root DEBUG Начата загрузка вакансии /vacancies/80053291
2023-07-14 16:16:16,641 root DEBUG Начата загрузка вакансии /vacancies/83409678
2023-07-14 16:16:16,641 root DEBUG Начата загрузка вакансии /vacancies/82144211
2023-07-14 16:16:16,642 root DEBUG Начата загрузка вакансии /vacancies/82890046
2023-07-14 16:16:16,642 root DEBUG Начата загрузка вакансии /vacancies/82333777
2023-07-14 16:16:16,642 root DEBUG Начата загрузка вакансии /vacancies/82840844
2023-07-14 16:16:16,643 root DEBUG Начата загрузка вакансии /vacancies/82108779
2023-07-14 16:16:16,643 root DEBUG Начата загрузка вакансии /vacancies/80726073
2023-07-14 16:16:16,643 root DEBUG Начата загрузка вакансии /vacancies/82573094
2023-07-14 16:16:16,643 root DEBUG Начата загрузка вакансии /vacancies/83026156
2023-07-14 16:16:16,644 root DEBUG Начата загрузка вакансии /vacancies/82623052
2023-07-14 16:16:16,644 root DEBUG Начата загрузка вакансии /vacancies/80544271
2023-07-14 16:16:16,644 root DEBUG Начата загрузка вакансии /vacancies/80844934
2023-07-14 16:16:16,645 root DEBUG Начата загрузка вакансии /vacancies/76868720
2023-07-14 16:16:16,645 root DEBUG Начата загрузка вакансии /vacancies/30548119
2023-07-14 16:16:16,645 root DEBUG Начата загрузка вакансии /vacancies/82168968
2023-07-14 16:16:16,645 root DEBUG Начата загрузка вакансии /vacancies/81907796
2023-07-14 16:16:16,646 root DEBUG Начата загрузка вакансии /vacancies/83108405
2023-07-14 16:16:16,646 root DEBUG Начата загрузка вакансии /vacancies/82256738
2023-07-14 16:16:16,646 root DEBUG Начата загрузка вакансии /vacancies/82040028
2023-07-14 16:16:16,646 root DEBUG Начата загрузка вакансии /vacancies/82974916
2023-07-14 16:16:16,647 root DEBUG Начата загрузка вакансии /vacancies/82986443
2023-07-14 16:16:16,647 root DEBUG Начата загрузка вакансии /vacancies/81254369
2023-07-14 16:16:16,647 root DEBUG Начата загрузка вакансии /vacancies/82536455
2023-07-14 16:16:16,648 root DEBUG Начата загрузка вакансии /vacancies/82962714
2023-07-14 16:16:16,648 root DEBUG Начата загрузка вакансии /vacancies/81585112
2023-07-14 16:16:16,648 root DEBUG Начата загрузка вакансии /vacancies/82565336
2023-07-14 16:16:16,649 root DEBUG Начата загрузка вакансии /vacancies/77731485
2023-07-14 16:16:16,649 root DEBUG Начата загрузка вакансии /vacancies/81142661
2023-07-14 16:16:16,649 root DEBUG Начата загрузка вакансии /vacancies/81559588
2023-07-14 16:16:16,649 root DEBUG Начата загрузка вакансии /vacancies/82444113
2023-07-14 16:16:16,650 root DEBUG Начата загрузка вакансии /vacancies/82844617
2023-07-14 16:16:16,650 root DEBUG Начата загрузка вакансии /vacancies/82571318
2023-07-14 16:16:16,650 root DEBUG Начата загрузка вакансии /vacancies/82391131
2023-07-14 16:16:16,651 root DEBUG Начата загрузка вакансии /vacancies/82298634
2023-07-14 16:16:16,651 root DEBUG Начата загрузка вакансии /vacancies/82914361
2023-07-14 16:16:16,651 root DEBUG Начата загрузка вакансии /vacancies/81085097
2023-07-14 16:16:16,651 root DEBUG Начата загрузка вакансии /vacancies/82144207
2023-07-14 16:16:16,652 root DEBUG Начата загрузка вакансии /vacancies/79390216
2023-07-14 16:16:16,652 root DEBUG Начата загрузка вакансии /vacancies/82929739
2023-07-14 16:16:16,652 root DEBUG Начата загрузка вакансии /vacancies/80431819
2023-07-14 16:16:16,653 root DEBUG Начата загрузка вакансии /vacancies/81107182
2023-07-14 16:16:16,653 root DEBUG Начата загрузка вакансии /vacancies/82181871
2023-07-14 16:16:16,653 root DEBUG Начата загрузка вакансии /vacancies/81974265
2023-07-14 16:16:16,653 root DEBUG Начата загрузка вакансии /vacancies/79584451
2023-07-14 16:16:16,654 root DEBUG Начата загрузка вакансии /vacancies/81123241
2023-07-14 16:16:16,654 root DEBUG Начата загрузка вакансии /vacancies/82144206
2023-07-14 16:16:16,654 root DEBUG Начата загрузка вакансии /vacancies/76756653
2023-07-14 16:16:16,654 root DEBUG Начата загрузка вакансии /vacancies/81376578
2023-07-14 16:16:16,655 root DEBUG Начата загрузка вакансии /vacancies/81830521
2023-07-14 16:16:16,655 root DEBUG Начата загрузка вакансии /vacancies/81376579
2023-07-14 16:16:16,655 root DEBUG Начата загрузка вакансии /vacancies/82834078
2023-07-14 16:16:16,656 root DEBUG Начата загрузка вакансии /vacancies/81021744
2023-07-14 16:16:16,656 root DEBUG Начата загрузка вакансии /vacancies/82092062
2023-07-14 16:16:16,656 root DEBUG Начата загрузка вакансии /vacancies/81933352
2023-07-14 16:16:16,656 root DEBUG Начата загрузка вакансии /vacancies/82467015
2023-07-14 16:16:16,657 root DEBUG Начата загрузка вакансии /vacancies/82830765
2023-07-14 16:16:16,657 root DEBUG Начата загрузка вакансии /vacancies/81376581
2023-07-14 16:16:16,657 root DEBUG Начата загрузка вакансии /vacancies/77731486
2023-07-14 16:16:16,657 root DEBUG Начата загрузка вакансии /vacancies/82056777
2023-07-14 16:16:16,658 root DEBUG Начата загрузка вакансии /vacancies/80726072
2023-07-14 16:16:16,658 root DEBUG Начата загрузка вакансии /vacancies/71418146
2023-07-14 16:16:16,658 root DEBUG Начата загрузка вакансии /vacancies/80935302
2023-07-14 16:16:16,658 root DEBUG Начата загрузка вакансии /vacancies/82915680
2023-07-14 16:16:16,659 root DEBUG Начата загрузка вакансии /vacancies/82179566
2023-07-14 16:16:16,659 root DEBUG Начата загрузка вакансии /vacancies/82211716
2023-07-14 16:16:16,659 root DEBUG Начата загрузка вакансии /vacancies/80812466
2023-07-14 16:16:16,660 root DEBUG Начата загрузка вакансии /vacancies/81707961
2023-07-14 16:16:16,660 root DEBUG Начата загрузка вакансии /vacancies/82773299
2023-07-14 16:16:16,660 root DEBUG Начата загрузка вакансии /vacancies/71226010
2023-07-14 16:16:16,660 root DEBUG Начата загрузка вакансии /vacancies/80496136
2023-07-14 16:16:16,661 root DEBUG Начата загрузка вакансии /vacancies/82056776
2023-07-14 16:16:16,661 root DEBUG Начата загрузка вакансии /vacancies/80811608
2023-07-14 16:16:16,661 root DEBUG Начата загрузка вакансии /vacancies/81961444
2023-07-14 16:16:16,661 root DEBUG Начата загрузка вакансии /vacancies/76756654
2023-07-14 16:16:16,662 root DEBUG Начата загрузка вакансии /vacancies/80496137
2023-07-14 16:16:16,662 root DEBUG Начата загрузка вакансии /vacancies/83053210
2023-07-14 16:16:16,662 root DEBUG Начата загрузка вакансии /vacancies/81460227
2023-07-14 16:16:16,663 root DEBUG Начата загрузка вакансии /vacancies/81115699
2023-07-14 16:16:16,663 root DEBUG Начата загрузка вакансии /vacancies/83111537
2023-07-14 16:16:16,663 root DEBUG Начата загрузка вакансии /vacancies/81376580
2023-07-14 16:16:16,664 root DEBUG Начата загрузка вакансии /vacancies/83279673
2023-07-14 16:16:16,664 root DEBUG Начата загрузка вакансии /vacancies/76868710
2023-07-14 16:16:16,664 root DEBUG Начата загрузка вакансии /vacancies/81142660
2023-07-14 16:16:16,664 root DEBUG Начата загрузка вакансии /vacancies/81922954
2023-07-14 16:16:16,664 root DEBUG Начата загрузка вакансии /vacancies/82170330
2023-07-14 16:16:16,664 root DEBUG Начата загрузка вакансии /vacancies/83029207
2023-07-14 16:16:16,664 root DEBUG Начата загрузка вакансии /vacancies/80726071
2023-07-14 16:16:16,664 root DEBUG Начата загрузка вакансии /vacancies/76146275
2023-07-14 16:16:16,664 root DEBUG Начата загрузка вакансии /vacancies/82573862
2023-07-14 16:16:16,664 root DEBUG Начата загрузка вакансии /vacancies/82986913
2023-07-14 16:16:16,664 root DEBUG Начата загрузка вакансии /vacancies/71226025
2023-07-14 16:16:16,664 root DEBUG Начата загрузка вакансии /vacancies/81670839
2023-07-14 16:16:16,664 root DEBUG Начата загрузка вакансии /vacancies/76868723
2023-07-14 16:16:16,664 root DEBUG Начата загрузка вакансии /vacancies/82966426
2023-07-14 16:16:16,664 root DEBUG Начата загрузка вакансии /vacancies/83110431
2023-07-14 16:16:16,664 root DEBUG Начата загрузка вакансии /vacancies/81429521
2023-07-14 16:16:16,664 root DEBUG Начата загрузка вакансии /vacancies/80438617
2023-07-14 16:16:16,669 root DEBUG Начата загрузка вакансии /vacancies/82133694
2023-07-14 16:16:16,670 root DEBUG Начата загрузка вакансии /vacancies/82434645
2023-07-14 16:16:16,670 root DEBUG Начата загрузка вакансии /vacancies/79985304
2023-07-14 16:16:16,670 root DEBUG Начата загрузка вакансии /vacancies/82299017
2023-07-14 16:16:16,670 root DEBUG Начата загрузка вакансии /vacancies/80241657
2023-07-14 16:16:16,670 root DEBUG Начата загрузка вакансии /vacancies/83213824
2023-07-14 16:16:16,670 root DEBUG Начата загрузка вакансии /vacancies/72687504
2023-07-14 16:16:16,670 root DEBUG Начата загрузка вакансии /vacancies/82105829
2023-07-14 16:16:16,670 root DEBUG Начата загрузка вакансии /vacancies/82572385
2023-07-14 16:16:16,670 root DEBUG Начата загрузка вакансии /vacancies/82529376
2023-07-14 16:16:16,670 root DEBUG Начата загрузка вакансии /vacancies/80244477
2023-07-14 16:16:16,670 root DEBUG Начата загрузка вакансии /vacancies/80616697
2023-07-14 16:16:16,670 root DEBUG Начата загрузка вакансии /vacancies/55088580
2023-07-14 16:16:16,670 root DEBUG Начата загрузка вакансии /vacancies/78058094
2023-07-14 16:16:16,670 root DEBUG Начата загрузка вакансии /vacancies/81960317
2023-07-14 16:16:16,670 root DEBUG Начата загрузка вакансии /vacancies/81116767
2023-07-14 16:16:16,911 root DEBUG Завершена загрузка вакансии /vacancies/83300859
2023-07-14 16:16:16,934 root DEBUG Завершена загрузка вакансии /vacancies/83438237
2023-07-14 16:16:16,952 root DEBUG Завершена загрузка вакансии /vacancies/82841724
2023-07-14 16:16:17,032 root DEBUG Завершена загрузка вакансии /vacancies/81949300
2023-07-14 16:16:17,050 root DEBUG Завершена загрузка вакансии /vacancies/82858718
2023-07-14 16:16:17,134 root DEBUG Завершена загрузка вакансии /vacancies/83409394
2023-07-14 16:16:17,191 root DEBUG Завершена загрузка вакансии /vacancies/83234434
2023-07-14 16:16:17,257 root DEBUG Завершена загрузка вакансии /vacancies/82825127
2023-07-14 16:16:17,287 root DEBUG Завершена загрузка вакансии /vacancies/83409596
2023-07-14 16:16:17,301 root DEBUG Завершена загрузка вакансии /vacancies/82987200
2023-07-14 16:16:17,372 root DEBUG Завершена загрузка вакансии /vacancies/83279670
2023-07-14 16:16:17,462 root DEBUG Завершена загрузка вакансии /vacancies/82402579
2023-07-14 16:16:17,483 root DEBUG Завершена загрузка вакансии /vacancies/83345919
2023-07-14 16:16:17,521 root DEBUG Завершена загрузка вакансии /vacancies/83225173
2023-07-14 16:16:17,587 root DEBUG Завершена загрузка вакансии /vacancies/82119961
2023-07-14 16:16:17,688 root DEBUG Завершена загрузка вакансии /vacancies/81941871
2023-07-14 16:16:17,718 root DEBUG Завершена загрузка вакансии /vacancies/83409606
2023-07-14 16:16:17,748 root DEBUG Завершена загрузка вакансии /vacancies/82870104
2023-07-14 16:16:17,809 root DEBUG Завершена загрузка вакансии /vacancies/83256342
2023-07-14 16:16:17,869 root DEBUG Завершена загрузка вакансии /vacancies/83279671
2023-07-14 16:16:17,909 root DEBUG Завершена загрузка вакансии /vacancies/82936068
2023-07-14 16:16:17,991 root DEBUG Завершена загрузка вакансии /vacancies/82055830
2023-07-14 16:16:18,049 root DEBUG Завершена загрузка вакансии /vacancies/82596275
2023-07-14 16:16:18,050 root DEBUG Завершена загрузка вакансии /vacancies/82910400
2023-07-14 16:16:18,097 root DEBUG Завершена загрузка вакансии /vacancies/82544732
2023-07-14 16:16:18,151 root DEBUG Завершена загрузка вакансии /vacancies/83395419
2023-07-14 16:16:18,266 root DEBUG Завершена загрузка вакансии /vacancies/82260854
2023-07-14 16:16:18,272 root DEBUG Завершена загрузка вакансии /vacancies/83188462
2023-07-14 16:16:18,283 root DEBUG Завершена загрузка вакансии /vacancies/83200368
2023-07-14 16:16:18,441 root DEBUG Завершена загрузка вакансии /vacancies/83303987
2023-07-14 16:16:18,491 root DEBUG Завершена загрузка вакансии /vacancies/82056502
2023-07-14 16:16:18,516 root DEBUG Завершена загрузка вакансии /vacancies/82144205
2023-07-14 16:16:18,572 root DEBUG Завершена загрузка вакансии /vacancies/83026155
2023-07-14 16:16:18,647 root DEBUG Завершена загрузка вакансии /vacancies/81744533
2023-07-14 16:16:18,738 root DEBUG Завершена загрузка вакансии /vacancies/82785266
2023-07-14 16:16:18,782 root DEBUG Завершена загрузка вакансии /vacancies/82526972
2023-07-14 16:16:18,875 root DEBUG Завершена загрузка вакансии /vacancies/82915242
2023-07-14 16:16:18,882 root DEBUG Завершена загрузка вакансии /vacancies/67115536
2023-07-14 16:16:18,949 root DEBUG Завершена загрузка вакансии /vacancies/82438304
2023-07-14 16:16:19,036 root DEBUG Завершена загрузка вакансии /vacancies/83279674
2023-07-14 16:16:19,048 root DEBUG Завершена загрузка вакансии /vacancies/83207801
2023-07-14 16:16:19,083 root DEBUG Завершена загрузка вакансии /vacancies/82942565
2023-07-14 16:16:19,162 root DEBUG Завершена загрузка вакансии /vacancies/82870573
2023-07-14 16:16:19,179 root DEBUG Завершена загрузка вакансии /vacancies/83409513
2023-07-14 16:16:19,276 root DEBUG Завершена загрузка вакансии /vacancies/81962313
2023-07-14 16:16:19,325 root DEBUG Завершена загрузка вакансии /vacancies/83268235
2023-07-14 16:16:19,349 root DEBUG Завершена загрузка вакансии /vacancies/83315918
2023-07-14 16:16:19,431 root DEBUG Завершена загрузка вакансии /vacancies/82144209
2023-07-14 16:16:19,431 root DEBUG Завершена загрузка вакансии /vacancies/82525826
2023-07-14 16:16:19,477 root DEBUG Завершена загрузка вакансии /vacancies/82883031
2023-07-14 16:16:19,614 root DEBUG Завершена загрузка вакансии /vacancies/82119779
2023-07-14 16:16:19,615 root DEBUG Завершена загрузка вакансии /vacancies/83386645
2023-07-14 16:16:19,615 root DEBUG Завершена загрузка вакансии /vacancies/82144210
2023-07-14 16:16:19,745 root DEBUG Завершена загрузка вакансии /vacancies/82104952
2023-07-14 16:16:19,746 root DEBUG Завершена загрузка вакансии /vacancies/82144208
2023-07-14 16:16:19,881 root DEBUG Завершена загрузка вакансии /vacancies/82175945
2023-07-14 16:16:19,881 root DEBUG Завершена загрузка вакансии /vacancies/83153573
2023-07-14 16:16:19,881 root DEBUG Завершена загрузка вакансии /vacancies/82778051
2023-07-14 16:16:20,039 root DEBUG Завершена загрузка вакансии /vacancies/83279672
2023-07-14 16:16:20,133 root DEBUG Завершена загрузка вакансии /vacancies/83324797
2023-07-14 16:16:20,133 root DEBUG Завершена загрузка вакансии /vacancies/82613352
2023-07-14 16:16:20,187 root DEBUG Завершена загрузка вакансии /vacancies/82892335
2023-07-14 16:16:20,297 root DEBUG Завершена загрузка вакансии /vacancies/82194939
2023-07-14 16:16:20,311 root DEBUG Завершена загрузка вакансии /vacancies/83279675
2023-07-14 16:16:20,375 root DEBUG Завершена загрузка вакансии /vacancies/82306450
2023-07-14 16:16:20,424 root DEBUG Завершена загрузка вакансии /vacancies/83026074
2023-07-14 16:16:20,490 root DEBUG Завершена загрузка вакансии /vacancies/78634117
2023-07-14 16:16:20,521 root DEBUG Завершена загрузка вакансии /vacancies/83268142
2023-07-14 16:16:20,549 root DEBUG Завершена загрузка вакансии /vacancies/81123242
2023-07-14 16:16:20,631 root DEBUG Завершена загрузка вакансии /vacancies/81029388
2023-07-14 16:16:20,633 root DEBUG Завершена загрузка вакансии /vacancies/82719353
2023-07-14 16:16:20,780 root DEBUG Завершена загрузка вакансии /vacancies/82144212
2023-07-14 16:16:20,844 root DEBUG Завершена загрузка вакансии /vacancies/83438690
2023-07-14 16:16:20,844 root DEBUG Завершена загрузка вакансии /vacancies/82103215
2023-07-14 16:16:21,102 root DEBUG Завершена загрузка вакансии /vacancies/77731487
2023-07-14 16:16:21,114 root DEBUG Завершена загрузка вакансии /vacancies/82892338
2023-07-14 16:16:21,326 root DEBUG Завершена загрузка вакансии /vacancies/82333627
2023-07-14 16:16:21,359 root DEBUG Завершена загрузка вакансии /vacancies/83333801
2023-07-14 16:16:21,359 root DEBUG Завершена загрузка вакансии /vacancies/79828667
2023-07-14 16:16:21,709 root DEBUG Завершена загрузка вакансии /vacancies/83409678
2023-07-14 16:16:21,709 root DEBUG Завершена загрузка вакансии /vacancies/80053291
2023-07-14 16:16:21,828 root DEBUG Завершена загрузка вакансии /vacancies/82546684
2023-07-14 16:16:21,891 root DEBUG Завершена загрузка вакансии /vacancies/82144211
2023-07-14 16:16:21,971 root DEBUG Завершена загрузка вакансии /vacancies/82890046
2023-07-14 16:16:22,003 root DEBUG Завершена загрузка вакансии /vacancies/82840844
2023-07-14 16:16:22,099 root DEBUG Завершена загрузка вакансии /vacancies/82333777
2023-07-14 16:16:22,114 root DEBUG Завершена загрузка вакансии /vacancies/82108779
2023-07-14 16:16:22,147 root DEBUG Завершена загрузка вакансии /vacancies/80726073
2023-07-14 16:16:22,295 root DEBUG Завершена загрузка вакансии /vacancies/83026156
2023-07-14 16:16:22,295 root DEBUG Завершена загрузка вакансии /vacancies/82623052
2023-07-14 16:16:22,378 root DEBUG Завершена загрузка вакансии /vacancies/82573094
2023-07-14 16:16:22,490 root DEBUG Завершена загрузка вакансии /vacancies/80544271
2023-07-14 16:16:22,490 root DEBUG Завершена загрузка вакансии /vacancies/80844934
2023-07-14 16:16:22,597 root DEBUG Завершена загрузка вакансии /vacancies/30548119
2023-07-14 16:16:22,607 root DEBUG Завершена загрузка вакансии /vacancies/76868720
2023-07-14 16:16:22,750 root DEBUG Завершена загрузка вакансии /vacancies/82168968
2023-07-14 16:16:22,813 root DEBUG Завершена загрузка вакансии /vacancies/83108405
2023-07-14 16:16:22,838 root DEBUG Завершена загрузка вакансии /vacancies/81907796
2023-07-14 16:16:22,863 root DEBUG Завершена загрузка вакансии /vacancies/82256738
2023-07-14 16:16:22,958 root DEBUG Завершена загрузка вакансии /vacancies/82040028
2023-07-14 16:16:22,989 root DEBUG Завершена загрузка вакансии /vacancies/82974916
2023-07-14 16:16:23,118 root DEBUG Завершена загрузка вакансии /vacancies/82536455
2023-07-14 16:16:23,134 root DEBUG Завершена загрузка вакансии /vacancies/82986443
2023-07-14 16:16:23,233 root DEBUG Завершена загрузка вакансии /vacancies/81254369
2023-07-14 16:16:23,310 root DEBUG Завершена загрузка вакансии /vacancies/82962714
2023-07-14 16:16:23,397 root DEBUG Завершена загрузка вакансии /vacancies/81585112
2023-07-14 16:16:23,397 root DEBUG Завершена загрузка вакансии /vacancies/82565336
2023-07-14 16:16:23,505 root DEBUG Завершена загрузка вакансии /vacancies/81142661
2023-07-14 16:16:23,505 root DEBUG Завершена загрузка вакансии /vacancies/77731485
2023-07-14 16:16:23,762 root DEBUG Завершена загрузка вакансии /vacancies/81559588
2023-07-14 16:16:23,768 root DEBUG Завершена загрузка вакансии /vacancies/82844617
2023-07-14 16:16:23,780 root DEBUG Завершена загрузка вакансии /vacancies/82444113
2023-07-14 16:16:23,857 root DEBUG Завершена загрузка вакансии /vacancies/82391131
2023-07-14 16:16:24,007 root DEBUG Завершена загрузка вакансии /vacancies/82571318
2023-07-14 16:16:24,013 root DEBUG Завершена загрузка вакансии /vacancies/82914361
2023-07-14 16:16:24,063 root DEBUG Завершена загрузка вакансии /vacancies/82298634
2023-07-14 16:16:24,120 root DEBUG Завершена загрузка вакансии /vacancies/82144207
2023-07-14 16:16:24,136 root DEBUG Завершена загрузка вакансии /vacancies/81085097
2023-07-14 16:16:24,234 root DEBUG Завершена загрузка вакансии /vacancies/79390216
2023-07-14 16:16:24,346 root DEBUG Завершена загрузка вакансии /vacancies/82929739
2023-07-14 16:16:24,412 root DEBUG Завершена загрузка вакансии /vacancies/81107182
2023-07-14 16:16:24,463 root DEBUG Завершена загрузка вакансии /vacancies/80431819
2023-07-14 16:16:24,513 root DEBUG Завершена загрузка вакансии /vacancies/82181871
2023-07-14 16:16:24,525 root DEBUG Завершена загрузка вакансии /vacancies/81974265
2023-07-14 16:16:24,598 root DEBUG Завершена загрузка вакансии /vacancies/79584451
2023-07-14 16:16:24,646 root DEBUG Завершена загрузка вакансии /vacancies/82144206
2023-07-14 16:16:24,653 root DEBUG Завершена загрузка вакансии /vacancies/81123241
2023-07-14 16:16:24,767 root DEBUG Завершена загрузка вакансии /vacancies/76756653
2023-07-14 16:16:24,780 root DEBUG Завершена загрузка вакансии /vacancies/81376578
2023-07-14 16:16:24,802 root DEBUG Завершена загрузка вакансии /vacancies/81830521
2023-07-14 16:16:25,126 root DEBUG Завершена загрузка вакансии /vacancies/82834078
2023-07-14 16:16:25,166 root DEBUG Завершена загрузка вакансии /vacancies/81021744
2023-07-14 16:16:25,191 root DEBUG Завершена загрузка вакансии /vacancies/81376579
2023-07-14 16:16:25,239 root DEBUG Завершена загрузка вакансии /vacancies/82092062
2023-07-14 16:16:25,320 root DEBUG Завершена загрузка вакансии /vacancies/82467015
2023-07-14 16:16:25,345 root DEBUG Завершена загрузка вакансии /vacancies/81933352
2023-07-14 16:16:25,480 root DEBUG Завершена загрузка вакансии /vacancies/81376581
2023-07-14 16:16:25,514 root DEBUG Завершена загрузка вакансии /vacancies/77731486
2023-07-14 16:16:25,521 root DEBUG Завершена загрузка вакансии /vacancies/82830765
2023-07-14 16:16:25,641 root DEBUG Завершена загрузка вакансии /vacancies/80726072
2023-07-14 16:16:25,686 root DEBUG Завершена загрузка вакансии /vacancies/71418146
2023-07-14 16:16:25,690 root DEBUG Завершена загрузка вакансии /vacancies/82056777
2023-07-14 16:16:25,757 root DEBUG Завершена загрузка вакансии /vacancies/80935302
2023-07-14 16:16:25,935 root DEBUG Завершена загрузка вакансии /vacancies/82915680
2023-07-14 16:16:25,967 root DEBUG Завершена загрузка вакансии /vacancies/82179566
2023-07-14 16:16:26,065 root DEBUG Завершена загрузка вакансии /vacancies/82211716
2023-07-14 16:16:26,097 root DEBUG Завершена загрузка вакансии /vacancies/80812466
2023-07-14 16:16:26,142 root DEBUG Завершена загрузка вакансии /vacancies/81707961
2023-07-14 16:16:26,212 root DEBUG Завершена загрузка вакансии /vacancies/82773299
2023-07-14 16:16:26,264 root DEBUG Завершена загрузка вакансии /vacancies/71226010
2023-07-14 16:16:26,309 root DEBUG Завершена загрузка вакансии /vacancies/82056776
2023-07-14 16:16:26,369 root DEBUG Завершена загрузка вакансии /vacancies/80496136
2023-07-14 16:16:26,402 root DEBUG Завершена загрузка вакансии /vacancies/80811608
2023-07-14 16:16:26,424 root DEBUG Завершена загрузка вакансии /vacancies/81961444
2023-07-14 16:16:26,480 root DEBUG Завершена загрузка вакансии /vacancies/76756654
2023-07-14 16:16:26,526 root DEBUG Завершена загрузка вакансии /vacancies/80496137
2023-07-14 16:16:26,618 root DEBUG Завершена загрузка вакансии /vacancies/81460227
2023-07-14 16:16:26,644 root DEBUG Завершена загрузка вакансии /vacancies/83053210
2023-07-14 16:16:26,662 root DEBUG Завершена загрузка вакансии /vacancies/81115699
2023-07-14 16:16:26,729 root DEBUG Завершена загрузка вакансии /vacancies/83111537
2023-07-14 16:16:26,760 root DEBUG Завершена загрузка вакансии /vacancies/81376580
2023-07-14 16:16:26,776 root DEBUG Завершена загрузка вакансии /vacancies/83279673
2023-07-14 16:16:26,860 root DEBUG Завершена загрузка вакансии /vacancies/76868710
2023-07-14 16:16:26,911 root DEBUG Завершена загрузка вакансии /vacancies/81142660
2023-07-14 16:16:26,961 root DEBUG Завершена загрузка вакансии /vacancies/81922954
2023-07-14 16:16:27,037 root DEBUG Завершена загрузка вакансии /vacancies/82170330
2023-07-14 16:16:27,095 root DEBUG Завершена загрузка вакансии /vacancies/83029207
2023-07-14 16:16:27,178 root DEBUG Завершена загрузка вакансии /vacancies/76146275
2023-07-14 16:16:27,211 root DEBUG Завершена загрузка вакансии /vacancies/80726071
2023-07-14 16:16:27,278 root DEBUG Завершена загрузка вакансии /vacancies/82573862
2023-07-14 16:16:27,362 root DEBUG Завершена загрузка вакансии /vacancies/82986913
2023-07-14 16:16:27,452 root DEBUG Завершена загрузка вакансии /vacancies/81670839
2023-07-14 16:16:27,468 root DEBUG Завершена загрузка вакансии /vacancies/71226025
2023-07-14 16:16:27,502 root DEBUG Завершена загрузка вакансии /vacancies/76868723
2023-07-14 16:16:27,824 root DEBUG Завершена загрузка вакансии /vacancies/83110431
2023-07-14 16:16:27,828 root DEBUG Завершена загрузка вакансии /vacancies/82966426
2023-07-14 16:16:27,936 root DEBUG Завершена загрузка вакансии /vacancies/81429521
2023-07-14 16:16:27,984 root DEBUG Завершена загрузка вакансии /vacancies/82133694
2023-07-14 16:16:28,142 root DEBUG Завершена загрузка вакансии /vacancies/82434645
2023-07-14 16:16:28,192 root DEBUG Завершена загрузка вакансии /vacancies/80438617
2023-07-14 16:16:28,311 root DEBUG Завершена загрузка вакансии /vacancies/82299017
2023-07-14 16:16:28,324 root DEBUG Завершена загрузка вакансии /vacancies/80241657
2023-07-14 16:16:28,327 root DEBUG Завершена загрузка вакансии /vacancies/79985304
2023-07-14 16:16:28,436 root DEBUG Завершена загрузка вакансии /vacancies/82105829
2023-07-14 16:16:28,477 root DEBUG Завершена загрузка вакансии /vacancies/83213824
2023-07-14 16:16:28,597 root DEBUG Завершена загрузка вакансии /vacancies/82572385
2023-07-14 16:16:28,597 root DEBUG Завершена загрузка вакансии /vacancies/72687504
2023-07-14 16:16:28,680 root DEBUG Завершена загрузка вакансии /vacancies/82529376
2023-07-14 16:16:28,711 root DEBUG Завершена загрузка вакансии /vacancies/80616697
2023-07-14 16:16:28,827 root DEBUG Завершена загрузка вакансии /vacancies/55088580
2023-07-14 16:16:28,919 root DEBUG Завершена загрузка вакансии /vacancies/78058094
2023-07-14 16:16:28,977 root DEBUG Завершена загрузка вакансии /vacancies/81960317
2023-07-14 16:16:28,981 root DEBUG Завершена загрузка вакансии /vacancies/80244477
2023-07-14 16:16:29,043 root DEBUG Завершена загрузка вакансии /vacancies/81116767
2023-07-14 16:16:29,048 root ERROR Возникло исключение {'errors': [{'value': 'captcha_required', 'captcha_url': 'https://hh.ru/account/captcha?state=pxvcxBozfu7ry7R4QCetFmUA3SFZr_Pa4yXPQEusAiRa7ODvqmdCcHpLjnKnJVRrZd4-i-c_wJ5_kakpObLFNwPzpmmIdOMrcG_q0oA7u5U%3D', 'type': 'captcha_required'}], 'request_id': '1689336983083de3a37c1759e9eddc81'}
Traceback (most recent call last):
  File "c:\Users\psann\Lesson\Python\PythonAdvanced\script\HomeWork2\HHAPIAsync.py", line 57, in main
    vacancyName = result['name']
KeyError: 'name'
2023-07-14 16:16:29,049 root ERROR Возникло исключение {'errors': [{'value': 'captcha_required', 'captcha_url': 'https://hh.ru/account/captcha?state=pxvcxBozfu7ry7R4QCetFmUA3SFZr_Pa4yXPQEusAiRa7ODvqmdCcHpLjnKnJVRrZd4-i-c_wJ5_kakpObLFN5s2QMXY4vV5lJoUGnld6Yc%3D', 'type': 'captcha_required'}], 'request_id': '16893369831859e2b44aad7ef03f6374'}
Traceback (most recent call last):
  File "c:\Users\psann\Lesson\Python\PythonAdvanced\script\HomeWork2\HHAPIAsync.py", line 57, in main
    vacancyName = result['name']
KeyError: 'name'
2023-07-14 16:16:29,050 root ERROR Возникло исключение {'errors': [{'value': 'captcha_required', 'captcha_url': 'https://hh.ru/account/captcha?state=pxvcxBozfu7ry7R4QCetFmUA3SFZr_Pa4yXPQEusAiRa7ODvqmdCcHpLjnKnJVRrZd4-i-c_wJ5_kakpObLFN1rkv4-0ABb6zJjvGA6eg70%3D', 'type': 'captcha_required'}], 'request_id': '16893369832918a489c956289b490169'}
Traceback (most recent call last):
  File "c:\Users\psann\Lesson\Python\PythonAdvanced\script\HomeWork2\HHAPIAsync.py", line 57, in main
    vacancyName = result['name']
KeyError: 'name'
2023-07-14 16:16:29,051 root ERROR Возникло исключение {'errors': [{'value': 'captcha_required', 'captcha_url': 'https://hh.ru/account/captcha?state=pxvcxBozfu7ry7R4QCetFmUA3SFZr_Pa4yXPQEusAiRa7ODvqmdCcHpLjnKnJVRrZd4-i-c_wJ5_kakpObLFN_0Zi3GHdPF4xCVP6jMNWTA%3D', 'type': 'captcha_required'}], 'request_id': '168933698335968b3e0661089f900691'}
Traceback (most recent call last):
  File "c:\Users\psann\Lesson\Python\PythonAdvanced\script\HomeWork2\HHAPIAsync.py", line 57, in main
    vacancyName = result['name']
KeyError: 'name'
2023-07-14 16:16:29,051 root ERROR Возникло исключение {'errors': [{'value': 'captcha_required', 'captcha_url': 'https://hh.ru/account/captcha?state=pxvcxBozfu7ry7R4QCetFmUA3SFZr_Pa4yXPQEusAiRa7ODvqmdCcHpLjnKnJVRrZd4-i-c_wJ5_kakpObLFN30MKLpQvY7gMMgw9tcSPzc%3D', 'type': 'captcha_required'}], 'request_id': '168933698341247f903d89d2806f2a90'}
Traceback (most recent call last):
  File "c:\Users\psann\Lesson\Python\PythonAdvanced\script\HomeWork2\HHAPIAsync.py", line 57, in main
    vacancyName = result['name']
KeyError: 'name'
2023-07-14 16:16:29,052 root ERROR Возникло исключение {'errors': [{'value': 'captcha_required', 'captcha_url': 'https://hh.ru/account/captcha?state=pxvcxBozfu7ry7R4QCetFmUA3SFZr_Pa4yXPQEusAiRa7ODvqmdCcHpLjnKnJVRrZd4-i-c_wJ5_kakpObLFN59BEKNbtYaMHnJtfZ4tRK4%3D', 'type': 'captcha_required'}], 'request_id': '16893369834648fc1495172eb0a1213a'}
Traceback (most recent call last):
  File "c:\Users\psann\Lesson\Python\PythonAdvanced\script\HomeWork2\HHAPIAsync.py", line 57, in main
    vacancyName = result['name']
KeyError: 'name'
2023-07-14 16:16:29,052 root ERROR Возникло исключение {'errors': [{'value': 'captcha_required', 'captcha_url': 'https://hh.ru/account/captcha?state=pxvcxBozfu7ry7R4QCetFmUA3SFZr_Pa4yXPQEusAiRa7ODvqmdCcHpLjnKnJVRrZd4-i-c_wJ5_kakpObLFNwvRGUS8RKAo2WBxHC_bNOY%3D', 'type': 'captcha_required'}], 'request_id': '1689336983471ac1981e5b1f59fe20ea'}
Traceback (most recent call last):
  File "c:\Users\psann\Lesson\Python\PythonAdvanced\script\HomeWork2\HHAPIAsync.py", line 57, in main
    vacancyName = result['name']
KeyError: 'name'
2023-07-14 16:16:29,052 root ERROR Возникло исключение {'errors': [{'value': 'captcha_required', 'captcha_url': 'https://hh.ru/account/captcha?state=pxvcxBozfu7ry7R4QCetFmUA3SFZr_Pa4yXPQEusAiRa7ODvqmdCcHpLjnKnJVRrZd4-i-c_wJ5_kakpObLFN0kpm5ydwxurYJCVSg_7YVI%3D', 'type': 'captcha_required'}], 'request_id': '16893369835950f83e20ba6a0551c30d'}
Traceback (most recent call last):
  File "c:\Users\psann\Lesson\Python\PythonAdvanced\script\HomeWork2\HHAPIAsync.py", line 57, in main
    vacancyName = result['name']
KeyError: 'name'
2023-07-14 16:16:29,054 root ERROR Возникло исключение {'errors': [{'value': 'captcha_required', 'captcha_url': 'https://hh.ru/account/captcha?state=pxvcxBozfu7ry7R4QCetFmUA3SFZr_Pa4yXPQEusAiRa7ODvqmdCcHpLjnKnJVRrZd4-i-c_wJ5_kakpObLFN7vhCmXeL5r_RRV8KyxCnN8%3D', 'type': 'captcha_required'}], 'request_id': '1689336983603a8da1c4ba0207c80e34'}
Traceback (most recent call last):
  File "c:\Users\psann\Lesson\Python\PythonAdvanced\script\HomeWork2\HHAPIAsync.py", line 57, in main
    vacancyName = result['name']
KeyError: 'name'
2023-07-14 16:16:29,054 root ERROR Возникло исключение {'errors': [{'value': 'captcha_required', 'captcha_url': 'https://hh.ru/account/captcha?state=pxvcxBozfu7ry7R4QCetFmUA3SFZr_Pa4yXPQEusAiRa7ODvqmdCcHpLjnKnJVRrZd4-i-c_wJ5_kakpObLFNz5BDnV2cOhAt7GskvoYJFQ%3D', 'type': 'captcha_required'}], 'request_id': '1689336983612f7a3223fa5408994b54'}
Traceback (most recent call last):
  File "c:\Users\psann\Lesson\Python\PythonAdvanced\script\HomeWork2\HHAPIAsync.py", line 57, in main
    vacancyName = result['name']
KeyError: 'name'
2023-07-14 16:16:29,054 root ERROR Возникло исключение {'errors': [{'value': 'captcha_required', 'captcha_url': 'https://hh.ru/account/captcha?state=pxvcxBozfu7ry7R4QCetFmUA3SFZr_Pa4yXPQEusAiRa7ODvqmdCcHpLjnKnJVRrZd4-i-c_wJ5_kakpObLFN7qeqBagNX_PJGdFmaO471c%3D', 'type': 'captcha_required'}], 'request_id': '1689336983735597b2f4d62d92d905b0'}
Traceback (most recent call last):
  File "c:\Users\psann\Lesson\Python\PythonAdvanced\script\HomeWork2\HHAPIAsync.py", line 57, in main
    vacancyName = result['name']
KeyError: 'name'
2023-07-14 16:16:29,055 root ERROR Возникло исключение {'errors': [{'value': 'captcha_required', 'captcha_url': 'https://hh.ru/account/captcha?state=pxvcxBozfu7ry7R4QCetFmUA3SFZr_Pa4yXPQEusAiRa7ODvqmdCcHpLjnKnJVRrZd4-i-c_wJ5_kakpObLFN6ljsp4y5QTPJe3URsBqhSo%3D', 'type': 'captcha_required'}], 'request_id': '16893369837530857f6a9e07058cbb09'}
Traceback (most recent call last):
  File "c:\Users\psann\Lesson\Python\PythonAdvanced\script\HomeWork2\HHAPIAsync.py", line 57, in main
    vacancyName = result['name']
KeyError: 'name'
2023-07-14 16:16:29,055 root ERROR Возникло исключение {'errors': [{'value': 'captcha_required', 'captcha_url': 'https://hh.ru/account/captcha?state=pxvcxBozfu7ry7R4QCetFmUA3SFZr_Pa4yXPQEusAiRa7ODvqmdCcHpLjnKnJVRrZd4-i-c_wJ5_kakpObLFN1TGszDJH0cvMJ5nw8QbedY%3D', 'type': 'captcha_required'}], 'request_id': '16893369837525731bf4bca1336e6d61'}
Traceback (most recent call last):
  File "c:\Users\psann\Lesson\Python\PythonAdvanced\script\HomeWork2\HHAPIAsync.py", line 57, in main
    vacancyName = result['name']
KeyError: 'name'
2023-07-14 16:16:29,055 root ERROR Возникло исключение {'errors': [{'value': 'captcha_required', 'captcha_url': 'https://hh.ru/account/captcha?state=pxvcxBozfu7ry7R4QCetFmUA3SFZr_Pa4yXPQEusAiRa7ODvqmdCcHpLjnKnJVRrZd4-i-c_wJ5_kakpObLFN4j939zZjZKxpcDDwQpmwLk%3D', 'type': 'captcha_required'}], 'request_id': '168933698407134dfc053219ee7a88ae'}
Traceback (most recent call last):
  File "c:\Users\psann\Lesson\Python\PythonAdvanced\script\HomeWork2\HHAPIAsync.py", line 57, in main
    vacancyName = result['name']
KeyError: 'name'
2023-07-14 16:16:29,055 root ERROR Возникло исключение {'errors': [{'value': 'captcha_required', 'captcha_url': 'https://hh.ru/account/captcha?state=pxvcxBozfu7ry7R4QCetFmUA3SFZr_Pa4yXPQEusAiRa7ODvqmdCcHpLjnKnJVRrZd4-i-c_wJ5_kakpObLFNw99LCl80bcLVkXMexuvCoY%3D', 'type': 'captcha_required'}], 'request_id': '16893369841049ee61ee3b5b8b399f54'}
Traceback (most recent call last):
  File "c:\Users\psann\Lesson\Python\PythonAdvanced\script\HomeWork2\HHAPIAsync.py", line 57, in main
    vacancyName = result['name']
KeyError: 'name'
2023-07-14 16:16:29,055 root ERROR Возникло исключение {'errors': [{'value': 'captcha_required', 'captcha_url': 'https://hh.ru/account/captcha?state=pxvcxBozfu7ry7R4QCetFmUA3SFZr_Pa4yXPQEusAiRa7ODvqmdCcHpLjnKnJVRrZd4-i-c_wJ5_kakpObLFN5Okm7x2hDiKyoFR1H7UVoY%3D', 'type': 'captcha_required'}], 'request_id': '16893369841248f19ac57eb290755b89'}
Traceback (most recent call last):
  File "c:\Users\psann\Lesson\Python\PythonAdvanced\script\HomeWork2\HHAPIAsync.py", line 57, in main
    vacancyName = result['name']
KeyError: 'name'
2023-07-14 16:16:29,057 root ERROR Возникло исключение {'errors': [{'value': 'captcha_required', 'captcha_url': 'https://hh.ru/account/captcha?state=pxvcxBozfu7ry7R4QCetFmUA3SFZr_Pa4yXPQEusAiRa7ODvqmdCcHpLjnKnJVRrZd4-i-c_wJ5_kakpObLFN8FdmL6dMIcq9K3mVCv_g0Y%3D', 'type': 'captcha_required'}], 'request_id': '1689336984179c154eb855fdf7f59fc5'}
Traceback (most recent call last):
  File "c:\Users\psann\Lesson\Python\PythonAdvanced\script\HomeWork2\HHAPIAsync.py", line 57, in main
    vacancyName = result['name']
KeyError: 'name'
2023-07-14 16:16:29,057 root ERROR Возникло исключение {'errors': [{'value': 'captcha_required', 'captcha_url': 'https://hh.ru/account/captcha?state=pxvcxBozfu7ry7R4QCetFmUA3SFZr_Pa4yXPQEusAiRa7ODvqmdCcHpLjnKnJVRrZd4-i-c_wJ5_kakpObLFN8tlbIw5zdMbAeBuc141aQ4%3D', 'type': 'captcha_required'}], 'request_id': '168933698426270adbd6d5245b3c86cd'}
Traceback (most recent call last):
  File "c:\Users\psann\Lesson\Python\PythonAdvanced\script\HomeWork2\HHAPIAsync.py", line 57, in main
    vacancyName = result['name']
KeyError: 'name'
2023-07-14 16:16:29,057 root ERROR Возникло исключение {'errors': [{'value': 'captcha_required', 'captcha_url': 'https://hh.ru/account/captcha?state=pxvcxBozfu7ry7R4QCetFmUA3SFZr_Pa4yXPQEusAiRa7ODvqmdCcHpLjnKnJVRrZd4-i-c_wJ5_kakpObLFN11iKj-Frpf8cZtFITK8DmE%3D', 'type': 'captcha_required'}], 'request_id': '1689336984283a5e9e4c7db178dd8b91'}
Traceback (most recent call last):
  File "c:\Users\psann\Lesson\Python\PythonAdvanced\script\HomeWork2\HHAPIAsync.py", line 57, in main
    vacancyName = result['name']
KeyError: 'name'
2023-07-14 16:16:29,058 root ERROR Возникло исключение {'errors': [{'value': 'captcha_required', 'captcha_url': 'https://hh.ru/account/captcha?state=pxvcxBozfu7ry7R4QCetFmUA3SFZr_Pa4yXPQEusAiRa7ODvqmdCcHpLjnKnJVRrZd4-i-c_wJ5_kakpObLFN75RfuQkl4vrjXgmY1WS7Uk%3D', 'type': 'captcha_required'}], 'request_id': '16893369844391855e2caf8d5bb5261d'}
Traceback (most recent call last):
  File "c:\Users\psann\Lesson\Python\PythonAdvanced\script\HomeWork2\HHAPIAsync.py", line 57, in main
    vacancyName = result['name']
KeyError: 'name'
2023-07-14 16:16:29,058 root ERROR Возникло исключение {'errors': [{'value': 'captcha_required', 'captcha_url': 'https://hh.ru/account/captcha?state=pxvcxBozfu7ry7R4QCetFmUA3SFZr_Pa4yXPQEusAiRa7ODvqmdCcHpLjnKnJVRrZd4-i-c_wJ5_kakpObLFNxDVyRigILgOHRSYpGTekEI%3D', 'type': 'captcha_required'}], 'request_id': '1689336984455221b94982a654181397'}
Traceback (most recent call last):
  File "c:\Users\psann\Lesson\Python\PythonAdvanced\script\HomeWork2\HHAPIAsync.py", line 57, in main
    vacancyName = result['name']
KeyError: 'name'
2023-07-14 16:16:29,058 root ERROR Возникло исключение {'errors': [{'value': 'captcha_required', 'captcha_url': 'https://hh.ru/account/captcha?state=pxvcxBozfu7ry7R4QCetFmUA3SFZr_Pa4yXPQEusAiRa7ODvqmdCcHpLjnKnJVRrZd4-i-c_wJ5_kakpObLFNyn2Z3HwR12x461tp-FdMts%3D', 'type': 'captcha_required'}], 'request_id': '1689336984469fcb3af7ea30663ec90c'}
Traceback (most recent call last):
  File "c:\Users\psann\Lesson\Python\PythonAdvanced\script\HomeWork2\HHAPIAsync.py", line 57, in main
    vacancyName = result['name']
KeyError: 'name'
2023-07-14 16:16:29,058 root ERROR Возникло исключение {'errors': [{'value': 'captcha_required', 'captcha_url': 'https://hh.ru/account/captcha?state=pxvcxBozfu7ry7R4QCetFmUA3SFZr_Pa4yXPQEusAiRa7ODvqmdCcHpLjnKnJVRrZd4-i-c_wJ5_kakpObLFN2TZ98ctDVAIYg47p2omEfI%3D', 'type': 'captcha_required'}], 'request_id': '1689336984586017f631079b9ed19c88'}
Traceback (most recent call last):
  File "c:\Users\psann\Lesson\Python\PythonAdvanced\script\HomeWork2\HHAPIAsync.py", line 57, in main
    vacancyName = result['name']
KeyError: 'name'
2023-07-14 16:16:29,059 root ERROR Возникло исключение {'errors': [{'value': 'captcha_required', 'captcha_url': 'https://hh.ru/account/captcha?state=pxvcxBozfu7ry7R4QCetFmUA3SFZr_Pa4yXPQEusAiRa7ODvqmdCcHpLjnKnJVRrZd4-i-c_wJ5_kakpObLFN9hh1bUcgy3ObuxVJB8MQCc%3D', 'type': 'captcha_required'}], 'request_id': '16893369846333f928414c5d3d4661a9'}
Traceback (most recent call last):
  File "c:\Users\psann\Lesson\Python\PythonAdvanced\script\HomeWork2\HHAPIAsync.py", line 57, in main
    vacancyName = result['name']
KeyError: 'name'
2023-07-14 16:16:29,059 root ERROR Возникло исключение {'errors': [{'value': 'captcha_required', 'captcha_url': 'https://hh.ru/account/captcha?state=pxvcxBozfu7ry7R4QCetFmUA3SFZr_Pa4yXPQEusAiRa7ODvqmdCcHpLjnKnJVRrZd4-i-c_wJ5_kakpObLFN-YxnnTqYEvyB5SxOpo3J88%3D', 'type': 'captcha_required'}], 'request_id': '168933698463163f19d4e413647ceefc'}
Traceback (most recent call last):
  File "c:\Users\psann\Lesson\Python\PythonAdvanced\script\HomeWork2\HHAPIAsync.py", line 57, in main
    vacancyName = result['name']
KeyError: 'name'
2023-07-14 16:16:29,060 root ERROR Возникло исключение {'errors': [{'value': 'captcha_required', 'captcha_url': 'https://hh.ru/account/captcha?state=pxvcxBozfu7ry7R4QCetFmUA3SFZr_Pa4yXPQEusAiRa7ODvqmdCcHpLjnKnJVRrZd4-i-c_wJ5_kakpObLFN5OGZagVclRknHMCS38_1Xg%3D', 'type': 'captcha_required'}], 'request_id': '1689336984719a5c9a1937558f8a3876'}
Traceback (most recent call last):
  File "c:\Users\psann\Lesson\Python\PythonAdvanced\script\HomeWork2\HHAPIAsync.py", line 57, in main
    vacancyName = result['name']
KeyError: 'name'
2023-07-14 16:16:29,061 root ERROR Возникло исключение {'errors': [{'value': 'captcha_required', 'captcha_url': 'https://hh.ru/account/captcha?state=pxvcxBozfu7ry7R4QCetFmUA3SFZr_Pa4yXPQEusAiRa7ODvqmdCcHpLjnKnJVRrZd4-i-c_wJ5_kakpObLFN1YwZP4fmKSz8PKCpTrWngI%3D', 'type': 'captcha_required'}], 'request_id': '1689336984888d345098c9ca4fe3a50d'}
Traceback (most recent call last):
  File "c:\Users\psann\Lesson\Python\PythonAdvanced\script\HomeWork2\HHAPIAsync.py", line 57, in main
    vacancyName = result['name']
KeyError: 'name'
2023-07-14 16:16:29,061 root ERROR Возникло исключение {'errors': [{'value': 'captcha_required', 'captcha_url': 'https://hh.ru/account/captcha?state=pxvcxBozfu7ry7R4QCetFmUA3SFZr_Pa4yXPQEusAiRa7ODvqmdCcHpLjnKnJVRrZd4-i-c_wJ5_kakpObLFNzjE13AibyeOHLranyaQr4I%3D', 'type': 'captcha_required'}], 'request_id': '1689336984913d67e5dafca5d0338f58'}
Traceback (most recent call last):
  File "c:\Users\psann\Lesson\Python\PythonAdvanced\script\HomeWork2\HHAPIAsync.py", line 57, in main
    vacancyName = result['name']
KeyError: 'name'
2023-07-14 16:16:29,061 root ERROR Возникло исключение {'errors': [{'value': 'captcha_required', 'captcha_url': 'https://hh.ru/account/captcha?state=pxvcxBozfu7ry7R4QCetFmUA3SFZr_Pa4yXPQEusAiRa7ODvqmdCcHpLjnKnJVRrZd4-i-c_wJ5_kakpObLFNynUG7jedDoDAV6DxgADlaU%3D', 'type': 'captcha_required'}], 'request_id': '1689336985053776b24502d91259bdcc'}
Traceback (most recent call last):
  File "c:\Users\psann\Lesson\Python\PythonAdvanced\script\HomeWork2\HHAPIAsync.py", line 57, in main
    vacancyName = result['name']
KeyError: 'name'
2023-07-14 16:16:29,061 root ERROR Возникло исключение {'errors': [{'value': 'captcha_required', 'captcha_url': 'https://hh.ru/account/captcha?state=pxvcxBozfu7ry7R4QCetFmUA3SFZr_Pa4yXPQEusAiRa7ODvqmdCcHpLjnKnJVRrZd4-i-c_wJ5_kakpObLFN044zBe5Un0B_oEfSz7M-_o%3D', 'type': 'captcha_required'}], 'request_id': '1689336985064302077a81a7ef5d1d62'}
Traceback (most recent call last):
  File "c:\Users\psann\Lesson\Python\PythonAdvanced\script\HomeWork2\HHAPIAsync.py", line 57, in main
    vacancyName = result['name']
KeyError: 'name'
2023-07-14 16:16:29,061 root ERROR Возникло исключение {'errors': [{'value': 'captcha_required', 'captcha_url': 'https://hh.ru/account/captcha?state=pxvcxBozfu7ry7R4QCetFmUA3SFZr_Pa4yXPQEusAiRa7ODvqmdCcHpLjnKnJVRrZd4-i-c_wJ5_kakpObLFN6SQ98Qw4iy6OLd3HldLZM0%3D', 'type': 'captcha_required'}], 'request_id': '16893369850920b6b15119e3d43df576'}
Traceback (most recent call last):
  File "c:\Users\psann\Lesson\Python\PythonAdvanced\script\HomeWork2\HHAPIAsync.py", line 57, in main
    vacancyName = result['name']
KeyError: 'name'
2023-07-14 16:16:29,061 root ERROR Возникло исключение {'errors': [{'value': 'captcha_required', 'captcha_url': 'https://hh.ru/account/captcha?state=pxvcxBozfu7ry7R4QCetFmUA3SFZr_Pa4yXPQEusAiRa7ODvqmdCcHpLjnKnJVRrZd4-i-c_wJ5_kakpObLFN7hV8IFAW5rdq4Gi_NTA5Gc%3D', 'type': 'captcha_required'}], 'request_id': '1689336985150f4474e9792fa3376b77'}
Traceback (most recent call last):
  File "c:\Users\psann\Lesson\Python\PythonAdvanced\script\HomeWork2\HHAPIAsync.py", line 57, in main
    vacancyName = result['name']
KeyError: 'name'
2023-07-14 16:16:29,061 root ERROR Возникло исключение {'errors': [{'value': 'captcha_required', 'captcha_url': 'https://hh.ru/account/captcha?state=pxvcxBozfu7ry7R4QCetFmUA3SFZr_Pa4yXPQEusAiRa7ODvqmdCcHpLjnKnJVRrZd4-i-c_wJ5_kakpObLFN9KQxcEYrHMJDzf7glDho-M%3D', 'type': 'captcha_required'}], 'request_id': '16893369852119cc6040b0c65f35e0ee'}
Traceback (most recent call last):
  File "c:\Users\psann\Lesson\Python\PythonAdvanced\script\HomeWork2\HHAPIAsync.py", line 57, in main
    vacancyName = result['name']
KeyError: 'name'
2023-07-14 16:16:29,061 root ERROR Возникло исключение {'errors': [{'value': 'captcha_required', 'captcha_url': 'https://hh.ru/account/captcha?state=pxvcxBozfu7ry7R4QCetFmUA3SFZr_Pa4yXPQEusAiRa7ODvqmdCcHpLjnKnJVRrZd4-i-c_wJ5_kakpObLFN4M5wh7F94mQE4bxk0coR0I%3D', 'type': 'captcha_required'}], 'request_id': '1689336985243afa7a1fc1f1a1802214'}
Traceback (most recent call last):
  File "c:\Users\psann\Lesson\Python\PythonAdvanced\script\HomeWork2\HHAPIAsync.py", line 57, in main
    vacancyName = result['name']
KeyError: 'name'
2023-07-14 16:16:29,061 root ERROR Возникло исключение {'errors': [{'value': 'captcha_required', 'captcha_url': 'https://hh.ru/account/captcha?state=pxvcxBozfu7ry7R4QCetFmUA3SFZr_Pa4yXPQEusAiRa7ODvqmdCcHpLjnKnJVRrZd4-i-c_wJ5_kakpObLFN2OZQ-kIwRlrzyQ5WDFSBq0%3D', 'type': 'captcha_required'}], 'request_id': '1689336985311e5822ea720e76dc147c'}
Traceback (most recent call last):
  File "c:\Users\psann\Lesson\Python\PythonAdvanced\script\HomeWork2\HHAPIAsync.py", line 57, in main
    vacancyName = result['name']
KeyError: 'name'
2023-07-14 16:16:29,061 root ERROR Возникло исключение {'errors': [{'value': 'captcha_required', 'captcha_url': 'https://hh.ru/account/captcha?state=pxvcxBozfu7ry7R4QCetFmUA3SFZr_Pa4yXPQEusAiRa7ODvqmdCcHpLjnKnJVRrZd4-i-c_wJ5_kakpObLFN2HzhGaodym-TmiKbx7lJtw%3D', 'type': 'captcha_required'}], 'request_id': '1689336985351c99b05ea738c8c8ac09'}
Traceback (most recent call last):
  File "c:\Users\psann\Lesson\Python\PythonAdvanced\script\HomeWork2\HHAPIAsync.py", line 57, in main
    vacancyName = result['name']
KeyError: 'name'
2023-07-14 16:16:29,061 root ERROR Возникло исключение {'errors': [{'value': 'captcha_required', 'captcha_url': 'https://hh.ru/account/captcha?state=pxvcxBozfu7ry7R4QCetFmUA3SFZr_Pa4yXPQEusAiRa7ODvqmdCcHpLjnKnJVRrZd4-i-c_wJ5_kakpObLFN4_XNddooJcA3g8bZe7Z0Qw%3D', 'type': 'captcha_required'}], 'request_id': '1689336985366ee7b7dad77166d3f219'}
Traceback (most recent call last):
  File "c:\Users\psann\Lesson\Python\PythonAdvanced\script\HomeWork2\HHAPIAsync.py", line 57, in main
    vacancyName = result['name']
KeyError: 'name'
2023-07-14 16:16:29,061 root ERROR Возникло исключение {'errors': [{'value': 'captcha_required', 'captcha_url': 'https://hh.ru/account/captcha?state=pxvcxBozfu7ry7R4QCetFmUA3SFZr_Pa4yXPQEusAiRa7ODvqmdCcHpLjnKnJVRrZd4-i-c_wJ5_kakpObLFN2LzGaLpbmjoIaZ6apPUN0c%3D', 'type': 'captcha_required'}], 'request_id': '16893369854220df4dc2403c9c9e58b9'}
Traceback (most recent call last):
  File "c:\Users\psann\Lesson\Python\PythonAdvanced\script\HomeWork2\HHAPIAsync.py", line 57, in main
    vacancyName = result['name']
KeyError: 'name'
2023-07-14 16:16:29,061 root ERROR Возникло исключение {'errors': [{'value': 'captcha_required', 'captcha_url': 'https://hh.ru/account/captcha?state=pxvcxBozfu7ry7R4QCetFmUA3SFZr_Pa4yXPQEusAiRa7ODvqmdCcHpLjnKnJVRrZd4-i-c_wJ5_kakpObLFN3BvHeYVNy6ba0qP3E5t2RE%3D', 'type': 'captcha_required'}], 'request_id': '1689336985471a60d23956ba452b0d5d'}
Traceback (most recent call last):
  File "c:\Users\psann\Lesson\Python\PythonAdvanced\script\HomeWork2\HHAPIAsync.py", line 57, in main
    vacancyName = result['name']
KeyError: 'name'
2023-07-14 16:16:29,061 root ERROR Возникло исключение {'errors': [{'value': 'captcha_required', 'captcha_url': 'https://hh.ru/account/captcha?state=pxvcxBozfu7ry7R4QCetFmUA3SFZr_Pa4yXPQEusAiRa7ODvqmdCcHpLjnKnJVRrZd4-i-c_wJ5_kakpObLFNwZGojo4YcQ7RKXy9yE8dFo%3D', 'type': 'captcha_required'}], 'request_id': '168933698554480200d27a44cfc5cd59'}
Traceback (most recent call last):
  File "c:\Users\psann\Lesson\Python\PythonAdvanced\script\HomeWork2\HHAPIAsync.py", line 57, in main
    vacancyName = result['name']
KeyError: 'name'
2023-07-14 16:16:29,061 root ERROR Возникло исключение {'errors': [{'value': 'captcha_required', 'captcha_url': 'https://hh.ru/account/captcha?state=pxvcxBozfu7ry7R4QCetFmUA3SFZr_Pa4yXPQEusAiRa7ODvqmdCcHpLjnKnJVRrZd4-i-c_wJ5_kakpObLFN_FhcHXVUAwft4Kctv3681s%3D', 'type': 'captcha_required'}], 'request_id': '16893369855820223b7863a5521e19d4'}
Traceback (most recent call last):
  File "c:\Users\psann\Lesson\Python\PythonAdvanced\script\HomeWork2\HHAPIAsync.py", line 57, in main
    vacancyName = result['name']
KeyError: 'name'
2023-07-14 16:16:29,061 root ERROR Возникло исключение {'errors': [{'value': 'captcha_required', 'captcha_url': 'https://hh.ru/account/captcha?state=pxvcxBozfu7ry7R4QCetFmUA3SFZr_Pa4yXPQEusAiRa7ODvqmdCcHpLjnKnJVRrZd4-i-c_wJ5_kakpObLFN-UWNhJkMbZzQQOY8ACAlDQ%3D', 'type': 'captcha_required'}], 'request_id': '16893369856121f7108122cc6b366ba2'}
Traceback (most recent call last):
  File "c:\Users\psann\Lesson\Python\PythonAdvanced\script\HomeWork2\HHAPIAsync.py", line 57, in main
    vacancyName = result['name']
KeyError: 'name'
2023-07-14 16:16:29,061 root ERROR Возникло исключение {'errors': [{'value': 'captcha_required', 'captcha_url': 'https://hh.ru/account/captcha?state=pxvcxBozfu7ry7R4QCetFmUA3SFZr_Pa4yXPQEusAiRa7ODvqmdCcHpLjnKnJVRrZd4-i-c_wJ5_kakpObLFN6miraUDsCU3kJHtU5j-o-g%3D', 'type': 'captcha_required'}], 'request_id': '168933698567129a8d9a341f6175c545'}
Traceback (most recent call last):
  File "c:\Users\psann\Lesson\Python\PythonAdvanced\script\HomeWork2\HHAPIAsync.py", line 57, in main
    vacancyName = result['name']
KeyError: 'name'
2023-07-14 16:16:29,061 root ERROR Возникло исключение {'errors': [{'value': 'captcha_required', 'captcha_url': 'https://hh.ru/account/captcha?state=pxvcxBozfu7ry7R4QCetFmUA3SFZr_Pa4yXPQEusAiRa7ODvqmdCcHpLjnKnJVRrZd4-i-c_wJ5_kakpObLFN5Q3X8s7lhYComj5d7gy73g%3D', 'type': 'captcha_required'}], 'request_id': '16893369857099da7558c116d6401b93'}
Traceback (most recent call last):
  File "c:\Users\psann\Lesson\Python\PythonAdvanced\script\HomeWork2\HHAPIAsync.py", line 57, in main
    vacancyName = result['name']
KeyError: 'name'
2023-07-14 16:16:29,061 root ERROR Возникло исключение {'errors': [{'value': 'captcha_required', 'captcha_url': 'https://hh.ru/account/captcha?state=pxvcxBozfu7ry7R4QCetFmUA3SFZr_Pa4yXPQEusAiRa7ODvqmdCcHpLjnKnJVRrZd4-i-c_wJ5_kakpObLFNzPDCoVFWSlfVtpu_am_LNc%3D', 'type': 'captcha_required'}], 'request_id': '16893369857389d99a7c55b0dcc9578f'}
Traceback (most recent call last):
  File "c:\Users\psann\Lesson\Python\PythonAdvanced\script\HomeWork2\HHAPIAsync.py", line 57, in main
    vacancyName = result['name']
KeyError: 'name'
2023-07-14 16:16:29,061 root ERROR Возникло исключение {'errors': [{'value': 'captcha_required', 'captcha_url': 'https://hh.ru/account/captcha?state=pxvcxBozfu7ry7R4QCetFmUA3SFZr_Pa4yXPQEusAiRa7ODvqmdCcHpLjnKnJVRrZd4-i-c_wJ5_kakpObLFN7jKxsbo8e4DrU7HWwOWvH8%3D', 'type': 'captcha_required'}], 'request_id': '168933698581165022eba523f680d8a7'}
Traceback (most recent call last):
  File "c:\Users\psann\Lesson\Python\PythonAdvanced\script\HomeWork2\HHAPIAsync.py", line 57, in main
    vacancyName = result['name']
KeyError: 'name'
2023-07-14 16:16:29,061 root ERROR Возникло исключение {'errors': [{'value': 'captcha_required', 'captcha_url': 'https://hh.ru/account/captcha?state=pxvcxBozfu7ry7R4QCetFmUA3SFZr_Pa4yXPQEusAiRa7ODvqmdCcHpLjnKnJVRrZd4-i-c_wJ5_kakpObLFN-Jjr0uV4lKiJrpAw8SevfA%3D', 'type': 'captcha_required'}], 'request_id': '16893369858500728865b6ab87525c2e'}
Traceback (most recent call last):
  File "c:\Users\psann\Lesson\Python\PythonAdvanced\script\HomeWork2\HHAPIAsync.py", line 57, in main
    vacancyName = result['name']
KeyError: 'name'
2023-07-14 16:16:29,061 root ERROR Возникло исключение {'errors': [{'value': 'captcha_required', 'captcha_url': 'https://hh.ru/account/captcha?state=pxvcxBozfu7ry7R4QCetFmUA3SFZr_Pa4yXPQEusAiRa7ODvqmdCcHpLjnKnJVRrZd4-i-c_wJ5_kakpObLFN7Lp1tpdHP-ydZE0-DP4GNA%3D', 'type': 'captcha_required'}], 'request_id': '1689336985911729cad2b0875823b948'}
Traceback (most recent call last):
  File "c:\Users\psann\Lesson\Python\PythonAdvanced\script\HomeWork2\HHAPIAsync.py", line 57, in main
    vacancyName = result['name']
KeyError: 'name'
2023-07-14 16:16:29,061 root ERROR Возникло исключение {'errors': [{'value': 'captcha_required', 'captcha_url': 'https://hh.ru/account/captcha?state=pxvcxBozfu7ry7R4QCetFmUA3SFZr_Pa4yXPQEusAiRa7ODvqmdCcHpLjnKnJVRrZd4-i-c_wJ5_kakpObLFN8WDLmWRDlYzypiXHjuA-fM%3D', 'type': 'captcha_required'}], 'request_id': '16893369859919cca5a925e2eddc55a0'}
Traceback (most recent call last):
  File "c:\Users\psann\Lesson\Python\PythonAdvanced\script\HomeWork2\HHAPIAsync.py", line 57, in main
    vacancyName = result['name']
KeyError: 'name'
2023-07-14 16:16:29,061 root ERROR Возникло исключение {'errors': [{'value': 'captcha_required', 'captcha_url': 'https://hh.ru/account/captcha?state=pxvcxBozfu7ry7R4QCetFmUA3SFZr_Pa4yXPQEusAiRa7ODvqmdCcHpLjnKnJVRrZd4-i-c_wJ5_kakpObLFN6W2QzsLPVr7iomaA0vWKtU%3D', 'type': 'captcha_required'}], 'request_id': '16893369860549a331ddf4d8087ec4a8'}
Traceback (most recent call last):
  File "c:\Users\psann\Lesson\Python\PythonAdvanced\script\HomeWork2\HHAPIAsync.py", line 57, in main
    vacancyName = result['name']
KeyError: 'name'
2023-07-14 16:16:29,061 root ERROR Возникло исключение {'errors': [{'value': 'captcha_required', 'captcha_url': 'https://hh.ru/account/captcha?state=pxvcxBozfu7ry7R4QCetFmUA3SFZr_Pa4yXPQEusAiRa7ODvqmdCcHpLjnKnJVRrZd4-i-c_wJ5_kakpObLFN4ZvpOa0YsuxjRbFblnyoeI%3D', 'type': 'captcha_required'}], 'request_id': '168933698615149e71526cf1be270aff'}
Traceback (most recent call last):
  File "c:\Users\psann\Lesson\Python\PythonAdvanced\script\HomeWork2\HHAPIAsync.py", line 57, in main
    vacancyName = result['name']
KeyError: 'name'
2023-07-14 16:16:29,061 root ERROR Возникло исключение {'errors': [{'value': 'captcha_required', 'captcha_url': 'https://hh.ru/account/captcha?state=pxvcxBozfu7ry7R4QCetFmUA3SFZr_Pa4yXPQEusAiRa7ODvqmdCcHpLjnKnJVRrZd4-i-c_wJ5_kakpObLFN7rLEKC44J-QhWeUIQ69xiU%3D', 'type': 'captcha_required'}], 'request_id': '16893369861583be6ad7d22ddd9c4141'}
Traceback (most recent call last):
  File "c:\Users\psann\Lesson\Python\PythonAdvanced\script\HomeWork2\HHAPIAsync.py", line 57, in main
    vacancyName = result['name']
KeyError: 'name'
2023-07-14 16:16:29,069 root ERROR Возникло исключение {'errors': [{'value': 'captcha_required', 'captcha_url': 'https://hh.ru/account/captcha?state=pxvcxBozfu7ry7R4QCetFmUA3SFZr_Pa4yXPQEusAiRa7ODvqmdCcHpLjnKnJVRrZd4-i-c_wJ5_kakpObLFN6v8sUkIaJw7tHy4XZSPh38%3D', 'type': 'captcha_required'}], 'request_id': '1689336986236e8fadeefa8d7d2cf792'}
Traceback (most recent call last):
  File "c:\Users\psann\Lesson\Python\PythonAdvanced\script\HomeWork2\HHAPIAsync.py", line 57, in main
    vacancyName = result['name']
KeyError: 'name'
2023-07-14 16:16:29,069 root ERROR Возникло исключение {'errors': [{'value': 'captcha_required', 'captcha_url': 'https://hh.ru/account/captcha?state=pxvcxBozfu7ry7R4QCetFmUA3SFZr_Pa4yXPQEusAiRa7ODvqmdCcHpLjnKnJVRrZd4-i-c_wJ5_kakpObLFN7M_4dUaVi9hdK4jfEs5ZtE%3D', 'type': 'captcha_required'}], 'request_id': '168933698630643a5f23cda2521431fa'}
Traceback (most recent call last):
  File "c:\Users\psann\Lesson\Python\PythonAdvanced\script\HomeWork2\HHAPIAsync.py", line 57, in main
    vacancyName = result['name']
KeyError: 'name'
2023-07-14 16:16:29,069 root ERROR Возникло исключение {'errors': [{'value': 'captcha_required', 'captcha_url': 'https://hh.ru/account/captcha?state=pxvcxBozfu7ry7R4QCetFmUA3SFZr_Pa4yXPQEusAiRa7ODvqmdCcHpLjnKnJVRrZd4-i-c_wJ5_kakpObLFN_Kuy8uprZxzD6Tho2qok3I%3D', 'type': 'captcha_required'}], 'request_id': '1689336986391423c51fd492230326e9'}
Traceback (most recent call last):
  File "c:\Users\psann\Lesson\Python\PythonAdvanced\script\HomeWork2\HHAPIAsync.py", line 57, in main
    vacancyName = result['name']
KeyError: 'name'
2023-07-14 16:16:29,069 root ERROR Возникло исключение {'errors': [{'value': 'captcha_required', 'captcha_url': 'https://hh.ru/account/captcha?state=pxvcxBozfu7ry7R4QCetFmUA3SFZr_Pa4yXPQEusAiRa7ODvqmdCcHpLjnKnJVRrZd4-i-c_wJ5_kakpObLFN3MNGLFnPRa2NJGkt2f0Lnc%3D', 'type': 'captcha_required'}], 'request_id': '1689336986423cdb4b6e04e0e6f23d6e'}
Traceback (most recent call last):
  File "c:\Users\psann\Lesson\Python\PythonAdvanced\script\HomeWork2\HHAPIAsync.py", line 57, in main
    vacancyName = result['name']
KeyError: 'name'
2023-07-14 16:16:29,069 root ERROR Возникло исключение {'errors': [{'value': 'captcha_required', 'captcha_url': 'https://hh.ru/account/captcha?state=pxvcxBozfu7ry7R4QCetFmUA3SFZr_Pa4yXPQEusAiRa7ODvqmdCcHpLjnKnJVRrZd4-i-c_wJ5_kakpObLFNxojDo4YmKoCC6VygbX_IWE%3D', 'type': 'captcha_required'}], 'request_id': '1689336986451a800775046fd4b5dab1'}
Traceback (most recent call last):
  File "c:\Users\psann\Lesson\Python\PythonAdvanced\script\HomeWork2\HHAPIAsync.py", line 57, in main
    vacancyName = result['name']
KeyError: 'name'
2023-07-14 16:16:29,069 root ERROR Возникло исключение {'errors': [{'value': 'captcha_required', 'captcha_url': 'https://hh.ru/account/captcha?state=pxvcxBozfu7ry7R4QCetFmUA3SFZr_Pa4yXPQEusAiRa7ODvqmdCcHpLjnKnJVRrZd4-i-c_wJ5_kakpObLFN-bIqKut7wQ8L9ZDnC4wXw0%3D', 'type': 'captcha_required'}], 'request_id': '1689336986772651b90dd0b2ada75273'}
Traceback (most recent call last):
  File "c:\Users\psann\Lesson\Python\PythonAdvanced\script\HomeWork2\HHAPIAsync.py", line 57, in main
    vacancyName = result['name']
KeyError: 'name'
2023-07-14 16:16:29,069 root ERROR Возникло исключение {'errors': [{'value': 'captcha_required', 'captcha_url': 'https://hh.ru/account/captcha?state=pxvcxBozfu7ry7R4QCetFmUA3SFZr_Pa4yXPQEusAiRa7ODvqmdCcHpLjnKnJVRrZd4-i-c_wJ5_kakpObLFN5NunD119S9dVoDb-zTO3T4%3D', 'type': 'captcha_required'}], 'request_id': '16893369867890aebd8c891947bdf3b0'}
Traceback (most recent call last):
  File "c:\Users\psann\Lesson\Python\PythonAdvanced\script\HomeWork2\HHAPIAsync.py", line 57, in main
    vacancyName = result['name']
KeyError: 'name'
2023-07-14 16:16:29,069 root ERROR Возникло исключение {'errors': [{'value': 'captcha_required', 'captcha_url': 'https://hh.ru/account/captcha?state=pxvcxBozfu7ry7R4QCetFmUA3SFZr_Pa4yXPQEusAiRa7ODvqmdCcHpLjnKnJVRrZd4-i-c_wJ5_kakpObLFN8_KsTGtr8ZgK89HgPQetMo%3D', 'type': 'captcha_required'}], 'request_id': '1689336986949c69e67c1bbe19a9f487'}
Traceback (most recent call last):
  File "c:\Users\psann\Lesson\Python\PythonAdvanced\script\HomeWork2\HHAPIAsync.py", line 57, in main
    vacancyName = result['name']
KeyError: 'name'
2023-07-14 16:16:29,069 root ERROR Возникло исключение {'errors': [{'value': 'captcha_required', 'captcha_url': 'https://hh.ru/account/captcha?state=pxvcxBozfu7ry7R4QCetFmUA3SFZr_Pa4yXPQEusAiRa7ODvqmdCcHpLjnKnJVRrZd4-i-c_wJ5_kakpObLFN6VSfSEU7UAKbe8Gz_w9rHk%3D', 'type': 'captcha_required'}], 'request_id': '1689336986954e006a721d8d3784574b'}
Traceback (most recent call last):
  File "c:\Users\psann\Lesson\Python\PythonAdvanced\script\HomeWork2\HHAPIAsync.py", line 57, in main
    vacancyName = result['name']
KeyError: 'name'
2023-07-14 16:16:29,069 root ERROR Возникло исключение {'errors': [{'value': 'captcha_required', 'captcha_url': 'https://hh.ru/account/captcha?state=pxvcxBozfu7ry7R4QCetFmUA3SFZr_Pa4yXPQEusAiRa7ODvqmdCcHpLjnKnJVRrZd4-i-c_wJ5_kakpObLFN4SVQi1nGVwlT58VJ7rmTYo%3D', 'type': 'captcha_required'}], 'request_id': '1689336987088103551393ffa7690242'}
Traceback (most recent call last):
  File "c:\Users\psann\Lesson\Python\PythonAdvanced\script\HomeWork2\HHAPIAsync.py", line 57, in main
    vacancyName = result['name']
KeyError: 'name'
2023-07-14 16:16:29,069 root ERROR Возникло исключение {'errors': [{'value': 'captcha_required', 'captcha_url': 'https://hh.ru/account/captcha?state=pxvcxBozfu7ry7R4QCetFmUA3SFZr_Pa4yXPQEusAiRa7ODvqmdCcHpLjnKnJVRrZd4-i-c_wJ5_kakpObLFN9SnMq6cbD75MNSA-RJQypk%3D', 'type': 'captcha_required'}], 'request_id': '1689336987151aa543f2f940e00af5b8'}
Traceback (most recent call last):
  File "c:\Users\psann\Lesson\Python\PythonAdvanced\script\HomeWork2\HHAPIAsync.py", line 57, in main
    vacancyName = result['name']
KeyError: 'name'
2023-07-14 16:16:29,069 root ERROR Возникло исключение {'errors': [{'value': 'captcha_required', 'captcha_url': 'https://hh.ru/account/captcha?state=pxvcxBozfu7ry7R4QCetFmUA3SFZr_Pa4yXPQEusAiRa7ODvqmdCcHpLjnKnJVRrZd4-i-c_wJ5_kakpObLFN6BDAa_R6oJT-QXb2O2jbdA%3D', 'type': 'captcha_required'}], 'request_id': '16893369872755247bc23d47308be942'}
Traceback (most recent call last):
  File "c:\Users\psann\Lesson\Python\PythonAdvanced\script\HomeWork2\HHAPIAsync.py", line 57, in main
    vacancyName = result['name']
KeyError: 'name'
2023-07-14 16:16:29,069 root ERROR Возникло исключение {'errors': [{'value': 'captcha_required', 'captcha_url': 'https://hh.ru/account/captcha?state=pxvcxBozfu7ry7R4QCetFmUA3SFZr_Pa4yXPQEusAiRa7ODvqmdCcHpLjnKnJVRrZd4-i-c_wJ5_kakpObLFNx8wDY4zWQZsyxDoz6Bidcs%3D', 'type': 'captcha_required'}], 'request_id': '16893369872913ae78832cd31bf54a6b'}
Traceback (most recent call last):
  File "c:\Users\psann\Lesson\Python\PythonAdvanced\script\HomeWork2\HHAPIAsync.py", line 57, in main
    vacancyName = result['name']
KeyError: 'name'
2023-07-14 16:16:29,069 root ERROR Возникло исключение {'errors': [{'value': 'captcha_required', 'captcha_url': 'https://hh.ru/account/captcha?state=pxvcxBozfu7ry7R4QCetFmUA3SFZr_Pa4yXPQEusAiRa7ODvqmdCcHpLjnKnJVRrZd4-i-c_wJ5_kakpObLFNzUKXYQ2BzltJR-IUFmiV_A%3D', 'type': 'captcha_required'}], 'request_id': '16893369872738eff85012c4ea69a450'}
Traceback (most recent call last):
  File "c:\Users\psann\Lesson\Python\PythonAdvanced\script\HomeWork2\HHAPIAsync.py", line 57, in main
    vacancyName = result['name']
KeyError: 'name'
2023-07-14 16:16:29,069 root ERROR Возникло исключение {'errors': [{'value': 'captcha_required', 'captcha_url': 'https://hh.ru/account/captcha?state=pxvcxBozfu7ry7R4QCetFmUA3SFZr_Pa4yXPQEusAiRa7ODvqmdCcHpLjnKnJVRrZd4-i-c_wJ5_kakpObLFN-kpOZQctpTTsTNuMRHfLBc%3D', 'type': 'captcha_required'}], 'request_id': '1689336987371ad7a407c008695ca8a2'}
Traceback (most recent call last):
  File "c:\Users\psann\Lesson\Python\PythonAdvanced\script\HomeWork2\HHAPIAsync.py", line 57, in main
    vacancyName = result['name']
KeyError: 'name'
2023-07-14 16:16:29,069 root ERROR Возникло исключение {'errors': [{'value': 'captcha_required', 'captcha_url': 'https://hh.ru/account/captcha?state=pxvcxBozfu7ry7R4QCetFmUA3SFZr_Pa4yXPQEusAiRa7ODvqmdCcHpLjnKnJVRrZd4-i-c_wJ5_kakpObLFNz938mnyhlV19MPlBQBXOM8%3D', 'type': 'captcha_required'}], 'request_id': '16893369874099ceb5ec7e8670cfeeb6'}
Traceback (most recent call last):
  File "c:\Users\psann\Lesson\Python\PythonAdvanced\script\HomeWork2\HHAPIAsync.py", line 57, in main
    vacancyName = result['name']
KeyError: 'name'
2023-07-14 16:16:29,069 root ERROR Возникло исключение {'errors': [{'value': 'captcha_required', 'captcha_url': 'https://hh.ru/account/captcha?state=pxvcxBozfu7ry7R4QCetFmUA3SFZr_Pa4yXPQEusAiRa7ODvqmdCcHpLjnKnJVRrZd4-i-c_wJ5_kakpObLFN8gWCZGRjKp__5LcIuJlvN4%3D', 'type': 'captcha_required'}], 'request_id': '168933698755227630d8fca98184df8d'}
Traceback (most recent call last):
  File "c:\Users\psann\Lesson\Python\PythonAdvanced\script\HomeWork2\HHAPIAsync.py", line 57, in main
    vacancyName = result['name']
KeyError: 'name'
2023-07-14 16:16:29,069 root ERROR Возникло исключение {'errors': [{'value': 'captcha_required', 'captcha_url': 'https://hh.ru/account/captcha?state=pxvcxBozfu7ry7R4QCetFmUA3SFZr_Pa4yXPQEusAiRa7ODvqmdCcHpLjnKnJVRrZd4-i-c_wJ5_kakpObLFN6Vcvzp4YZpSbEd8STD7580%3D', 'type': 'captcha_required'}], 'request_id': '16893369875510679552bfe6c6471f9e'}
Traceback (most recent call last):
  File "c:\Users\psann\Lesson\Python\PythonAdvanced\script\HomeWork2\HHAPIAsync.py", line 57, in main
    vacancyName = result['name']
KeyError: 'name'
2023-07-14 16:16:29,069 root ERROR Возникло исключение {'errors': [{'value': 'captcha_required', 'captcha_url': 'https://hh.ru/account/captcha?state=pxvcxBozfu7ry7R4QCetFmUA3SFZr_Pa4yXPQEusAiRa7ODvqmdCcHpLjnKnJVRrZd4-i-c_wJ5_kakpObLFNyJ22IsCP5OY-2CfO5KNBAU%3D', 'type': 'captcha_required'}], 'request_id': '16893369876223515b9f813e8584e3e7'}
Traceback (most recent call last):
  File "c:\Users\psann\Lesson\Python\PythonAdvanced\script\HomeWork2\HHAPIAsync.py", line 57, in main
    vacancyName = result['name']
KeyError: 'name'
2023-07-14 16:16:29,069 root ERROR Возникло исключение {'errors': [{'value': 'captcha_required', 'captcha_url': 'https://hh.ru/account/captcha?state=pxvcxBozfu7ry7R4QCetFmUA3SFZr_Pa4yXPQEusAiRa7ODvqmdCcHpLjnKnJVRrZd4-i-c_wJ5_kakpObLFN_8KhICZT4CmVvwZla3hlJ0%3D', 'type': 'captcha_required'}], 'request_id': '1689336987667efaa82285756e850769'}
Traceback (most recent call last):
  File "c:\Users\psann\Lesson\Python\PythonAdvanced\script\HomeWork2\HHAPIAsync.py", line 57, in main
    vacancyName = result['name']
KeyError: 'name'
2023-07-14 16:16:29,069 root ERROR Возникло исключение {'errors': [{'value': 'captcha_required', 'captcha_url': 'https://hh.ru/account/captcha?state=pxvcxBozfu7ry7R4QCetFmUA3SFZr_Pa4yXPQEusAiRa7ODvqmdCcHpLjnKnJVRrZd4-i-c_wJ5_kakpObLFN0wuiLyVNeS0aCDb-saxIlg%3D', 'type': 'captcha_required'}], 'request_id': '1689336987774b98b9e6ba5a1f1f7c73'}
Traceback (most recent call last):
  File "c:\Users\psann\Lesson\Python\PythonAdvanced\script\HomeWork2\HHAPIAsync.py", line 57, in main
    vacancyName = result['name']
KeyError: 'name'
2023-07-14 16:16:29,069 root ERROR Возникло исключение {'errors': [{'value': 'captcha_required', 'captcha_url': 'https://hh.ru/account/captcha?state=pxvcxBozfu7ry7R4QCetFmUA3SFZr_Pa4yXPQEusAiRa7ODvqmdCcHpLjnKnJVRrZd4-i-c_wJ5_kakpObLFN06k3VXcKG0T4crpSoJHISI%3D', 'type': 'captcha_required'}], 'request_id': '16893369878679fde5253425882516f3'}
Traceback (most recent call last):
  File "c:\Users\psann\Lesson\Python\PythonAdvanced\script\HomeWork2\HHAPIAsync.py", line 57, in main
    vacancyName = result['name']
KeyError: 'name'
