2023-07-17 16:54:32,695 urllib3.connectionpool DEBUG Starting new HTTPS connection (1): api.hh.ru:443
2023-07-17 16:54:33,946 urllib3.connectionpool DEBUG https://api.hh.ru:443 "GET /vacancies?text=python+middle+developer&search_field=name&per_page=25&page=0 HTTP/1.1" 200 None
2023-07-17 16:54:33,961 urllib3.connectionpool DEBUG Starting new HTTPS connection (1): api.hh.ru:443
2023-07-17 16:54:34,851 urllib3.connectionpool DEBUG https://api.hh.ru:443 "GET /vacancies?text=python+middle+developer&search_field=name&per_page=25&page=1 HTTP/1.1" 200 None
2023-07-17 16:54:34,865 urllib3.connectionpool DEBUG Starting new HTTPS connection (1): api.hh.ru:443
2023-07-17 16:54:35,662 urllib3.connectionpool DEBUG https://api.hh.ru:443 "GET /vacancies?text=python+middle+developer&search_field=name&per_page=25&page=2 HTTP/1.1" 200 None
2023-07-17 16:54:35,677 urllib3.connectionpool DEBUG Starting new HTTPS connection (1): api.hh.ru:443
2023-07-17 16:54:36,412 urllib3.connectionpool DEBUG https://api.hh.ru:443 "GET /vacancies?text=python+middle+developer&search_field=name&per_page=25&page=3 HTTP/1.1" 200 None
2023-07-17 16:54:36,426 urllib3.connectionpool DEBUG Starting new HTTPS connection (1): api.hh.ru:443
2023-07-17 16:54:37,382 urllib3.connectionpool DEBUG https://api.hh.ru:443 "GET /vacancies?text=python+middle+developer&search_field=name&per_page=25&page=4 HTTP/1.1" 200 None
2023-07-17 16:54:37,396 urllib3.connectionpool DEBUG Starting new HTTPS connection (1): api.hh.ru:443
2023-07-17 16:54:37,966 urllib3.connectionpool DEBUG https://api.hh.ru:443 "GET /vacancies?text=python+middle+developer&search_field=name&per_page=25&page=5 HTTP/1.1" 200 None
2023-07-17 16:54:37,980 urllib3.connectionpool DEBUG Starting new HTTPS connection (1): api.hh.ru:443
2023-07-17 16:54:38,576 urllib3.connectionpool DEBUG https://api.hh.ru:443 "GET /vacancies?text=python+middle+developer&search_field=name&per_page=25&page=6 HTTP/1.1" 200 None
2023-07-17 16:54:38,584 urllib3.connectionpool DEBUG Starting new HTTPS connection (1): api.hh.ru:443
2023-07-17 16:54:39,261 urllib3.connectionpool DEBUG https://api.hh.ru:443 "GET /vacancies?text=python+middle+developer&search_field=name&per_page=25&page=7 HTTP/1.1" 200 None
2023-07-17 16:54:39,273 urllib3.connectionpool DEBUG Starting new HTTPS connection (1): api.hh.ru:443
2023-07-17 16:54:39,822 urllib3.connectionpool DEBUG https://api.hh.ru:443 "GET /vacancies?text=python+middle+developer&search_field=name&per_page=25&page=8 HTTP/1.1" 200 229
2023-07-17 16:54:39,863 asyncio DEBUG Using selector: SelectSelector
2023-07-17 16:54:39,878 root DEBUG Начата загрузка вакансии /vacancies/82841724
2023-07-17 16:54:39,908 root DEBUG Начата загрузка вакансии /vacancies/83300859
2023-07-17 16:54:39,908 root DEBUG Начата загрузка вакансии /vacancies/82825127
2023-07-17 16:54:39,909 root DEBUG Начата загрузка вакансии /vacancies/82858718
2023-07-17 16:54:39,910 root DEBUG Начата загрузка вакансии /vacancies/83530986
2023-07-17 16:54:39,910 root DEBUG Начата загрузка вакансии /vacancies/83438237
2023-07-17 16:54:39,910 root DEBUG Начата загрузка вакансии /vacancies/83500026
2023-07-17 16:54:39,911 root DEBUG Начата загрузка вакансии /vacancies/83458412
2023-07-17 16:54:39,911 root DEBUG Начата загрузка вакансии /vacancies/82870104
2023-07-17 16:54:39,912 root DEBUG Начата загрузка вакансии /vacancies/82119961
2023-07-17 16:54:39,912 root DEBUG Начата загрузка вакансии /vacancies/83409596
2023-07-17 16:54:39,912 root DEBUG Начата загрузка вакансии /vacancies/83345919
2023-07-17 16:54:39,913 root DEBUG Начата загрузка вакансии /vacancies/83225173
2023-07-17 16:54:39,913 root DEBUG Начата загрузка вакансии /vacancies/83234434
2023-07-17 16:54:39,914 root DEBUG Начата загрузка вакансии /vacancies/82402579
2023-07-17 16:54:39,914 root DEBUG Начата загрузка вакансии /vacancies/82987200
2023-07-17 16:54:39,915 root DEBUG Начата загрузка вакансии /vacancies/83279670
2023-07-17 16:54:39,915 root DEBUG Начата загрузка вакансии /vacancies/83409394
2023-07-17 16:54:39,915 root DEBUG Начата загрузка вакансии /vacancies/83460735
2023-07-17 16:54:39,916 root DEBUG Начата загрузка вакансии /vacancies/82936068
2023-07-17 16:54:39,916 root DEBUG Начата загрузка вакансии /vacancies/83395419
2023-07-17 16:54:39,916 root DEBUG Начата загрузка вакансии /vacancies/82596275
2023-07-17 16:54:39,917 root DEBUG Начата загрузка вакансии /vacancies/83279671
2023-07-17 16:54:39,917 root DEBUG Начата загрузка вакансии /vacancies/83256342
2023-07-17 16:54:39,917 root DEBUG Начата загрузка вакансии /vacancies/82260854
2023-07-17 16:54:39,917 root DEBUG Начата загрузка вакансии /vacancies/81744533
2023-07-17 16:54:39,918 root DEBUG Начата загрузка вакансии /vacancies/82544732
2023-07-17 16:54:39,918 root DEBUG Начата загрузка вакансии /vacancies/83409606
2023-07-17 16:54:39,919 root DEBUG Начата загрузка вакансии /vacancies/82910400
2023-07-17 16:54:39,919 root DEBUG Начата загрузка вакансии /vacancies/82942565
2023-07-17 16:54:39,920 root DEBUG Начата загрузка вакансии /vacancies/83200368
2023-07-17 16:54:39,920 root DEBUG Начата загрузка вакансии /vacancies/83188462
2023-07-17 16:54:39,920 root DEBUG Начата загрузка вакансии /vacancies/83026155
2023-07-17 16:54:39,921 root DEBUG Начата загрузка вакансии /vacancies/82526972
2023-07-17 16:54:39,921 root DEBUG Начата загрузка вакансии /vacancies/83207801
2023-07-17 16:54:39,921 root DEBUG Начата загрузка вакансии /vacancies/82438304
2023-07-17 16:54:39,921 root DEBUG Начата загрузка вакансии /vacancies/83387552
2023-07-17 16:54:39,922 root DEBUG Начата загрузка вакансии /vacancies/83303987
2023-07-17 16:54:39,922 root DEBUG Начата загрузка вакансии /vacancies/82870573
2023-07-17 16:54:39,922 root DEBUG Начата загрузка вакансии /vacancies/83560177
2023-07-17 16:54:39,923 root DEBUG Начата загрузка вакансии /vacancies/82144212
2023-07-17 16:54:39,923 root DEBUG Начата загрузка вакансии /vacancies/82525826
2023-07-17 16:54:39,923 root DEBUG Начата загрузка вакансии /vacancies/82119779
2023-07-17 16:54:39,923 root DEBUG Начата загрузка вакансии /vacancies/67115536
2023-07-17 16:54:39,924 root DEBUG Начата загрузка вакансии /vacancies/82144205
2023-07-17 16:54:39,924 root DEBUG Начата загрузка вакансии /vacancies/82613352
2023-07-17 16:54:39,924 root DEBUG Начата загрузка вакансии /vacancies/83409513
2023-07-17 16:54:39,925 root DEBUG Начата загрузка вакансии /vacancies/83268235
2023-07-17 16:54:39,925 root DEBUG Начата загрузка вакансии /vacancies/82536455
2023-07-17 16:54:39,925 root DEBUG Начата загрузка вакансии /vacancies/83465045
2023-07-17 16:54:39,925 root DEBUG Начата загрузка вакансии /vacancies/82104952
2023-07-17 16:54:39,926 root DEBUG Начата загрузка вакансии /vacancies/82108779
2023-07-17 16:54:39,926 root DEBUG Начата загрузка вакансии /vacancies/83386645
2023-07-17 16:54:39,926 root DEBUG Начата загрузка вакансии /vacancies/83279672
2023-07-17 16:54:39,926 root DEBUG Начата загрузка вакансии /vacancies/81029388
2023-07-17 16:54:39,927 root DEBUG Начата загрузка вакансии /vacancies/82573094
2023-07-17 16:54:39,927 root DEBUG Начата загрузка вакансии /vacancies/83279674
2023-07-17 16:54:39,927 root DEBUG Начата загрузка вакансии /vacancies/83315918
2023-07-17 16:54:39,928 root DEBUG Начата загрузка вакансии /vacancies/80844934
2023-07-17 16:54:39,928 root DEBUG Начата загрузка вакансии /vacancies/82719353
2023-07-17 16:54:39,928 root DEBUG Начата загрузка вакансии /vacancies/83026156
2023-07-17 16:54:39,928 root DEBUG Начата загрузка вакансии /vacancies/82103215
2023-07-17 16:54:39,929 root DEBUG Начата загрузка вакансии /vacancies/78634117
2023-07-17 16:54:39,929 root DEBUG Начата загрузка вакансии /vacancies/82778051
2023-07-17 16:54:39,929 root DEBUG Начата загрузка вакансии /vacancies/83279675
2023-07-17 16:54:39,929 root DEBUG Начата загрузка вакансии /vacancies/82883031
2023-07-17 16:54:39,930 root DEBUG Начата загрузка вакансии /vacancies/82194939
2023-07-17 16:54:39,930 root DEBUG Начата загрузка вакансии /vacancies/83108405
2023-07-17 16:54:39,930 root DEBUG Начата загрузка вакансии /vacancies/83333801
2023-07-17 16:54:39,930 root DEBUG Начата загрузка вакансии /vacancies/80811608
2023-07-17 16:54:39,931 root DEBUG Начата загрузка вакансии /vacancies/81123242
2023-07-17 16:54:39,931 root DEBUG Начата загрузка вакансии /vacancies/82890046
2023-07-17 16:54:39,931 root DEBUG Начата загрузка вакансии /vacancies/81585112
2023-07-17 16:54:39,931 root DEBUG Начата загрузка вакансии /vacancies/77731487
2023-07-17 16:54:39,932 root DEBUG Начата загрузка вакансии /vacancies/77731485
2023-07-17 16:54:39,932 root DEBUG Начата загрузка вакансии /vacancies/82168968
2023-07-17 16:54:39,932 root DEBUG Начата загрузка вакансии /vacancies/82256738
2023-07-17 16:54:39,932 root DEBUG Начата загрузка вакансии /vacancies/82785266
2023-07-17 16:54:39,933 root DEBUG Начата загрузка вакансии /vacancies/82974916
2023-07-17 16:54:39,933 root DEBUG Начата загрузка вакансии /vacancies/83438690
2023-07-17 16:54:39,933 root DEBUG Начата загрузка вакансии /vacancies/83026074
2023-07-17 16:54:39,933 root DEBUG Начата загрузка вакансии /vacancies/82333627
2023-07-17 16:54:39,934 root DEBUG Начата загрузка вакансии /vacancies/80053291
2023-07-17 16:54:39,934 root DEBUG Начата загрузка вакансии /vacancies/76868720
2023-07-17 16:54:39,934 root DEBUG Начата загрузка вакансии /vacancies/82892338
2023-07-17 16:54:39,934 root DEBUG Начата загрузка вакансии /vacancies/82306450
2023-07-17 16:54:39,935 root DEBUG Начата загрузка вакансии /vacancies/82962714
2023-07-17 16:54:39,935 root DEBUG Начата загрузка вакансии /vacancies/79390216
2023-07-17 16:54:39,936 root DEBUG Начата загрузка вакансии /vacancies/82092062
2023-07-17 16:54:39,936 root DEBUG Начата загрузка вакансии /vacancies/83268142
2023-07-17 16:54:39,936 root DEBUG Начата загрузка вакансии /vacancies/82144208
2023-07-17 16:54:39,936 root DEBUG Начата загрузка вакансии /vacancies/82211716
2023-07-17 16:54:39,937 root DEBUG Начата загрузка вакансии /vacancies/80431819
2023-07-17 16:54:39,937 root DEBUG Начата загрузка вакансии /vacancies/82546684
2023-07-17 16:54:39,937 root DEBUG Начата загрузка вакансии /vacancies/83153573
2023-07-17 16:54:39,937 root DEBUG Начата загрузка вакансии /vacancies/82144209
2023-07-17 16:54:39,938 root DEBUG Начата загрузка вакансии /vacancies/81254369
2023-07-17 16:54:39,938 root DEBUG Начата загрузка вакансии /vacancies/30548119
2023-07-17 16:54:39,938 root DEBUG Начата загрузка вакансии /vacancies/81907796
2023-07-17 16:54:39,938 root DEBUG Начата загрузка вакансии /vacancies/82181871
2023-07-17 16:54:39,939 root DEBUG Начата загрузка вакансии /vacancies/79584451
2023-07-17 16:54:39,939 root DEBUG Начата загрузка вакансии /vacancies/82840844
2023-07-17 16:54:39,939 root DEBUG Начата загрузка вакансии /vacancies/82144207
2023-07-17 16:54:39,939 root DEBUG Начата загрузка вакансии /vacancies/83324797
2023-07-17 16:54:39,940 root DEBUG Начата загрузка вакансии /vacancies/71226010
2023-07-17 16:54:39,940 root DEBUG Начата загрузка вакансии /vacancies/79828667
2023-07-17 16:54:39,940 root DEBUG Начата загрузка вакансии /vacancies/81107182
2023-07-17 16:54:39,940 root DEBUG Начата загрузка вакансии /vacancies/83409678
2023-07-17 16:54:39,940 root DEBUG Начата загрузка вакансии /vacancies/82834078
2023-07-17 16:54:39,940 root DEBUG Начата загрузка вакансии /vacancies/82333777
2023-07-17 16:54:39,941 root DEBUG Начата загрузка вакансии /vacancies/81559588
2023-07-17 16:54:39,941 root DEBUG Начата загрузка вакансии /vacancies/82844617
2023-07-17 16:54:39,941 root DEBUG Начата загрузка вакансии /vacancies/82391131
2023-07-17 16:54:39,942 root DEBUG Начата загрузка вакансии /vacancies/82623052
2023-07-17 16:54:39,942 root DEBUG Начата загрузка вакансии /vacancies/82565336
2023-07-17 16:54:39,942 root DEBUG Начата загрузка вакансии /vacancies/82298634
2023-07-17 16:54:39,943 root DEBUG Начата загрузка вакансии /vacancies/82175945
2023-07-17 16:54:39,943 root DEBUG Начата загрузка вакансии /vacancies/81830521
2023-07-17 16:54:39,943 root DEBUG Начата загрузка вакансии /vacancies/82467015
2023-07-17 16:54:39,943 root DEBUG Начата загрузка вакансии /vacancies/81021744
2023-07-17 16:54:39,944 root DEBUG Начата загрузка вакансии /vacancies/82830765
2023-07-17 16:54:39,944 root DEBUG Начата загрузка вакансии /vacancies/82144210
2023-07-17 16:54:39,944 root DEBUG Начата загрузка вакансии /vacancies/81707961
2023-07-17 16:54:39,945 root DEBUG Начата загрузка вакансии /vacancies/82986443
2023-07-17 16:54:39,945 root DEBUG Начата загрузка вакансии /vacancies/81142661
2023-07-17 16:54:39,945 root DEBUG Начата загрузка вакансии /vacancies/77731486
2023-07-17 16:54:39,945 root DEBUG Начата загрузка вакансии /vacancies/82444113
2023-07-17 16:54:39,946 root DEBUG Начата загрузка вакансии /vacancies/82571318
2023-07-17 16:54:39,946 root DEBUG Начата загрузка вакансии /vacancies/80812466
2023-07-17 16:54:39,946 root DEBUG Начата загрузка вакансии /vacancies/81115699
2023-07-17 16:54:39,962 root DEBUG Начата загрузка вакансии /vacancies/71418146
2023-07-17 16:54:39,962 root DEBUG Начата загрузка вакансии /vacancies/76756653
2023-07-17 16:54:39,962 root DEBUG Начата загрузка вакансии /vacancies/82144206
2023-07-17 16:54:39,963 root DEBUG Начата загрузка вакансии /vacancies/76756654
2023-07-17 16:54:39,963 root DEBUG Начата загрузка вакансии /vacancies/82892335
2023-07-17 16:54:39,963 root DEBUG Начата загрузка вакансии /vacancies/83029207
2023-07-17 16:54:39,963 root DEBUG Начата загрузка вакансии /vacancies/81085097
2023-07-17 16:54:39,964 root DEBUG Начата загрузка вакансии /vacancies/81460227
2023-07-17 16:54:39,964 root DEBUG Начата загрузка вакансии /vacancies/76868710
2023-07-17 16:54:39,964 root DEBUG Начата загрузка вакансии /vacancies/80496137
2023-07-17 16:54:39,964 root DEBUG Начата загрузка вакансии /vacancies/82170330
2023-07-17 16:54:39,966 root DEBUG Начата загрузка вакансии /vacancies/81142660
2023-07-17 16:54:39,966 root DEBUG Начата загрузка вакансии /vacancies/82929739
2023-07-17 16:54:39,966 root DEBUG Начата загрузка вакансии /vacancies/71226025
2023-07-17 16:54:39,966 root DEBUG Начата загрузка вакансии /vacancies/82144211
2023-07-17 16:54:39,967 root DEBUG Начата загрузка вакансии /vacancies/82179566
2023-07-17 16:54:39,967 root DEBUG Начата загрузка вакансии /vacancies/80935302
2023-07-17 16:54:39,967 root DEBUG Начата загрузка вакансии /vacancies/80496136
2023-07-17 16:54:39,968 root DEBUG Начата загрузка вакансии /vacancies/82773299
2023-07-17 16:54:39,968 root DEBUG Начата загрузка вакансии /vacancies/83110431
2023-07-17 16:54:39,968 root DEBUG Начата загрузка вакансии /vacancies/80241657
2023-07-17 16:54:39,968 root DEBUG Начата загрузка вакансии /vacancies/76868723
2023-07-17 16:54:39,969 root DEBUG Начата загрузка вакансии /vacancies/79985304
2023-07-17 16:54:39,969 root DEBUG Начата загрузка вакансии /vacancies/81123241
2023-07-17 16:54:39,969 root DEBUG Начата загрузка вакансии /vacancies/82434645
2023-07-17 16:54:39,969 root DEBUG Начата загрузка вакансии /vacancies/81670839
2023-07-17 16:54:39,970 root DEBUG Начата загрузка вакансии /vacancies/82915680
2023-07-17 16:54:39,970 root DEBUG Начата загрузка вакансии /vacancies/82573862
2023-07-17 16:54:39,970 root DEBUG Начата загрузка вакансии /vacancies/82914361
2023-07-17 16:54:39,970 root DEBUG Начата загрузка вакансии /vacancies/81922954
2023-07-17 16:54:39,971 root DEBUG Начата загрузка вакансии /vacancies/80438617
2023-07-17 16:54:39,971 root DEBUG Начата загрузка вакансии /vacancies/80244477
2023-07-17 16:54:39,971 root DEBUG Начата загрузка вакансии /vacancies/82133694
2023-07-17 16:54:39,971 root DEBUG Начата загрузка вакансии /vacancies/82966426
2023-07-17 16:54:39,972 root DEBUG Начата загрузка вакансии /vacancies/83111537
2023-07-17 16:54:39,972 root DEBUG Начата загрузка вакансии /vacancies/83279673
2023-07-17 16:54:39,972 root DEBUG Начата загрузка вакансии /vacancies/82299017
2023-07-17 16:54:39,973 root DEBUG Начата загрузка вакансии /vacancies/83213824
2023-07-17 16:54:39,973 root DEBUG Начата загрузка вакансии /vacancies/80616697
2023-07-17 16:54:39,973 root DEBUG Начата загрузка вакансии /vacancies/55088580
2023-07-17 16:54:39,973 root DEBUG Начата загрузка вакансии /vacancies/72687504
2023-07-17 16:54:39,974 root DEBUG Начата загрузка вакансии /vacancies/82986913
2023-07-17 16:54:39,974 root DEBUG Начата загрузка вакансии /vacancies/82105829
2023-07-17 16:54:39,974 root DEBUG Начата загрузка вакансии /vacancies/82529376
2023-07-17 16:54:39,974 root DEBUG Начата загрузка вакансии /vacancies/81429521
2023-07-17 16:54:39,975 root DEBUG Начата загрузка вакансии /vacancies/82572385
2023-07-17 16:54:39,975 root DEBUG Начата загрузка вакансии /vacancies/78058094
2023-07-17 16:54:39,975 root DEBUG Начата загрузка вакансии /vacancies/81116767
2023-07-17 16:54:39,975 root DEBUG Начата загрузка вакансии /vacancies/83563019
2023-07-17 16:54:40,655 root DEBUG Завершена загрузка вакансии /vacancies/83300859
2023-07-17 16:54:40,658 root DEBUG Завершена загрузка вакансии /vacancies/82841724
2023-07-17 16:54:40,882 root DEBUG Завершена загрузка вакансии /vacancies/82825127
2023-07-17 16:54:40,884 root DEBUG Завершена загрузка вакансии /vacancies/83530986
2023-07-17 16:54:40,924 root DEBUG Завершена загрузка вакансии /vacancies/82858718
2023-07-17 16:54:41,026 root DEBUG Завершена загрузка вакансии /vacancies/83500026
2023-07-17 16:54:41,062 root DEBUG Завершена загрузка вакансии /vacancies/83438237
2023-07-17 16:54:41,244 root DEBUG Завершена загрузка вакансии /vacancies/82119961
2023-07-17 16:54:41,247 root DEBUG Завершена загрузка вакансии /vacancies/83458412
2023-07-17 16:54:41,513 root DEBUG Завершена загрузка вакансии /vacancies/83409596
2023-07-17 16:54:41,516 root DEBUG Завершена загрузка вакансии /vacancies/83345919
2023-07-17 16:54:41,517 root DEBUG Завершена загрузка вакансии /vacancies/82870104
2023-07-17 16:54:41,690 root DEBUG Завершена загрузка вакансии /vacancies/83234434
2023-07-17 16:54:41,791 root DEBUG Завершена загрузка вакансии /vacancies/82402579
2023-07-17 16:54:41,874 root DEBUG Завершена загрузка вакансии /vacancies/82987200
2023-07-17 16:54:41,978 root DEBUG Завершена загрузка вакансии /vacancies/83279670
2023-07-17 16:54:41,994 root DEBUG Завершена загрузка вакансии /vacancies/83225173
2023-07-17 16:54:42,196 root DEBUG Завершена загрузка вакансии /vacancies/83409394
2023-07-17 16:54:42,231 root DEBUG Завершена загрузка вакансии /vacancies/83460735
2023-07-17 16:54:42,412 root DEBUG Завершена загрузка вакансии /vacancies/82936068
2023-07-17 16:54:42,502 root DEBUG Завершена загрузка вакансии /vacancies/82596275
2023-07-17 16:54:42,592 root DEBUG Завершена загрузка вакансии /vacancies/83279671
2023-07-17 16:54:42,705 root DEBUG Завершена загрузка вакансии /vacancies/83256342
2023-07-17 16:54:42,826 root DEBUG Завершена загрузка вакансии /vacancies/83395419
2023-07-17 16:54:42,900 root DEBUG Завершена загрузка вакансии /vacancies/81744533
2023-07-17 16:54:43,043 root DEBUG Завершена загрузка вакансии /vacancies/82544732
2023-07-17 16:54:43,130 root DEBUG Завершена загрузка вакансии /vacancies/83409606
2023-07-17 16:54:43,221 root DEBUG Завершена загрузка вакансии /vacancies/82910400
2023-07-17 16:54:43,322 root DEBUG Завершена загрузка вакансии /vacancies/82260854
2023-07-17 16:54:43,403 root DEBUG Завершена загрузка вакансии /vacancies/82942565
2023-07-17 16:54:43,591 root DEBUG Завершена загрузка вакансии /vacancies/83026155
2023-07-17 16:54:43,607 root DEBUG Завершена загрузка вакансии /vacancies/83200368
2023-07-17 16:54:43,848 root DEBUG Завершена загрузка вакансии /vacancies/82526972
2023-07-17 16:54:43,899 root DEBUG Завершена загрузка вакансии /vacancies/83207801
2023-07-17 16:54:44,066 root DEBUG Завершена загрузка вакансии /vacancies/82438304
2023-07-17 16:54:44,121 root DEBUG Завершена загрузка вакансии /vacancies/83188462
2023-07-17 16:54:44,151 root DEBUG Завершена загрузка вакансии /vacancies/83387552
2023-07-17 16:54:44,303 root DEBUG Завершена загрузка вакансии /vacancies/82870573
2023-07-17 16:54:44,389 root DEBUG Завершена загрузка вакансии /vacancies/83560177
2023-07-17 16:54:44,392 root DEBUG Завершена загрузка вакансии /vacancies/83303987
2023-07-17 16:54:44,500 root DEBUG Завершена загрузка вакансии /vacancies/82144212
2023-07-17 16:54:44,581 root DEBUG Завершена загрузка вакансии /vacancies/82119779
2023-07-17 16:54:44,590 root DEBUG Завершена загрузка вакансии /vacancies/82525826
2023-07-17 16:54:44,787 root DEBUG Завершена загрузка вакансии /vacancies/82613352
2023-07-17 16:54:44,793 root DEBUG Завершена загрузка вакансии /vacancies/82144205
2023-07-17 16:54:45,061 root DEBUG Завершена загрузка вакансии /vacancies/83409513
2023-07-17 16:54:45,293 root DEBUG Завершена загрузка вакансии /vacancies/82536455
2023-07-17 16:54:45,482 root DEBUG Завершена загрузка вакансии /vacancies/67115536
2023-07-17 16:54:45,499 root DEBUG Завершена загрузка вакансии /vacancies/83465045
2023-07-17 16:54:45,749 root DEBUG Завершена загрузка вакансии /vacancies/82108779
2023-07-17 16:54:45,757 root DEBUG Завершена загрузка вакансии /vacancies/83268235
2023-07-17 16:54:45,834 root DEBUG Завершена загрузка вакансии /vacancies/82104952
2023-07-17 16:54:45,941 root DEBUG Завершена загрузка вакансии /vacancies/83386645
2023-07-17 16:54:46,192 root DEBUG Завершена загрузка вакансии /vacancies/81029388
2023-07-17 16:54:46,195 root DEBUG Завершена загрузка вакансии /vacancies/82573094
2023-07-17 16:54:46,393 root DEBUG Завершена загрузка вакансии /vacancies/83279674
2023-07-17 16:54:46,401 root DEBUG Завершена загрузка вакансии /vacancies/83315918
2023-07-17 16:54:46,459 root DEBUG Завершена загрузка вакансии /vacancies/83279672
2023-07-17 16:54:46,578 root DEBUG Завершена загрузка вакансии /vacancies/82719353
2023-07-17 16:54:46,818 root DEBUG Завершена загрузка вакансии /vacancies/83026156
2023-07-17 16:54:46,955 root DEBUG Завершена загрузка вакансии /vacancies/82103215
2023-07-17 16:54:47,112 root DEBUG Завершена загрузка вакансии /vacancies/78634117
2023-07-17 16:54:47,114 root DEBUG Завершена загрузка вакансии /vacancies/80844934
2023-07-17 16:54:47,181 root DEBUG Завершена загрузка вакансии /vacancies/82778051
2023-07-17 16:54:47,297 root DEBUG Завершена загрузка вакансии /vacancies/82883031
2023-07-17 16:54:47,321 root DEBUG Завершена загрузка вакансии /vacancies/83279675
2023-07-17 16:54:47,374 root DEBUG Завершена загрузка вакансии /vacancies/82194939
2023-07-17 16:54:47,503 root DEBUG Завершена загрузка вакансии /vacancies/83333801
2023-07-17 16:54:47,737 root DEBUG Завершена загрузка вакансии /vacancies/81123242
2023-07-17 16:54:47,826 root DEBUG Завершена загрузка вакансии /vacancies/83108405
2023-07-17 16:54:47,993 root DEBUG Завершена загрузка вакансии /vacancies/82890046
2023-07-17 16:54:48,039 root DEBUG Завершена загрузка вакансии /vacancies/81585112
2023-07-17 16:54:48,195 root DEBUG Завершена загрузка вакансии /vacancies/77731487
2023-07-17 16:54:48,224 root DEBUG Завершена загрузка вакансии /vacancies/77731485
2023-07-17 16:54:48,290 root DEBUG Завершена загрузка вакансии /vacancies/80811608
2023-07-17 16:54:48,449 root DEBUG Завершена загрузка вакансии /vacancies/82256738
2023-07-17 16:54:48,543 root DEBUG Завершена загрузка вакансии /vacancies/82785266
2023-07-17 16:54:48,548 root DEBUG Завершена загрузка вакансии /vacancies/82168968
2023-07-17 16:54:48,626 root DEBUG Завершена загрузка вакансии /vacancies/82974916
2023-07-17 16:54:48,712 root DEBUG Завершена загрузка вакансии /vacancies/83026074
2023-07-17 16:54:48,720 root DEBUG Завершена загрузка вакансии /vacancies/83438690
2023-07-17 16:54:48,894 root DEBUG Завершена загрузка вакансии /vacancies/76868720
2023-07-17 16:54:48,982 root DEBUG Завершена загрузка вакансии /vacancies/82333627
2023-07-17 16:54:48,985 root DEBUG Завершена загрузка вакансии /vacancies/80053291
2023-07-17 16:54:49,175 root DEBUG Завершена загрузка вакансии /vacancies/82892338
2023-07-17 16:54:49,261 root DEBUG Завершена загрузка вакансии /vacancies/82306450
2023-07-17 16:54:49,395 root DEBUG Завершена загрузка вакансии /vacancies/82962714
2023-07-17 16:54:49,459 root DEBUG Завершена загрузка вакансии /vacancies/82092062
2023-07-17 16:54:49,704 root DEBUG Завершена загрузка вакансии /vacancies/82144208
2023-07-17 16:54:49,708 root DEBUG Завершена загрузка вакансии /vacancies/83268142
2023-07-17 16:54:49,882 root DEBUG Завершена загрузка вакансии /vacancies/79390216
2023-07-17 16:54:49,900 root DEBUG Завершена загрузка вакансии /vacancies/82211716
2023-07-17 16:54:50,260 root DEBUG Завершена загрузка вакансии /vacancies/80431819
2023-07-17 16:54:50,263 root DEBUG Завершена загрузка вакансии /vacancies/82546684
2023-07-17 16:54:50,265 root DEBUG Завершена загрузка вакансии /vacancies/83153573
2023-07-17 16:54:50,437 root DEBUG Завершена загрузка вакансии /vacancies/30548119
2023-07-17 16:54:50,448 root DEBUG Завершена загрузка вакансии /vacancies/81254369
2023-07-17 16:54:50,451 root DEBUG Завершена загрузка вакансии /vacancies/82144209
2023-07-17 16:54:50,598 root DEBUG Завершена загрузка вакансии /vacancies/82181871
2023-07-17 16:54:50,658 root DEBUG Завершена загрузка вакансии /vacancies/79584451
2023-07-17 16:54:50,842 root DEBUG Завершена загрузка вакансии /vacancies/81907796
2023-07-17 16:54:50,845 root DEBUG Завершена загрузка вакансии /vacancies/82144207
2023-07-17 16:54:50,846 root DEBUG Завершена загрузка вакансии /vacancies/82840844
2023-07-17 16:54:51,018 root DEBUG Завершена загрузка вакансии /vacancies/79828667
2023-07-17 16:54:51,110 root DEBUG Завершена загрузка вакансии /vacancies/83324797
2023-07-17 16:54:51,112 root DEBUG Завершена загрузка вакансии /vacancies/71226010
2023-07-17 16:54:51,290 root DEBUG Завершена загрузка вакансии /vacancies/81107182
2023-07-17 16:54:51,302 root DEBUG Завершена загрузка вакансии /vacancies/83409678
2023-07-17 16:54:51,383 root DEBUG Завершена загрузка вакансии /vacancies/82834078
2023-07-17 16:54:51,743 root DEBUG Завершена загрузка вакансии /vacancies/82333777
2023-07-17 16:54:51,746 root DEBUG Завершена загрузка вакансии /vacancies/82844617
2023-07-17 16:54:51,786 root DEBUG Завершена загрузка вакансии /vacancies/81559588
2023-07-17 16:54:52,027 root DEBUG Завершена загрузка вакансии /vacancies/82565336
2023-07-17 16:54:52,029 root DEBUG Завершена загрузка вакансии /vacancies/82391131
2023-07-17 16:54:52,231 root DEBUG Завершена загрузка вакансии /vacancies/82175945
2023-07-17 16:54:52,460 root DEBUG Завершена загрузка вакансии /vacancies/81830521
2023-07-17 16:54:52,463 root DEBUG Завершена загрузка вакансии /vacancies/82623052
2023-07-17 16:54:52,510 root DEBUG Завершена загрузка вакансии /vacancies/82298634
2023-07-17 16:54:52,639 root DEBUG Завершена загрузка вакансии /vacancies/82467015
2023-07-17 16:54:52,678 root DEBUG Завершена загрузка вакансии /vacancies/82830765
2023-07-17 16:54:52,819 root DEBUG Завершена загрузка вакансии /vacancies/82144210
2023-07-17 16:54:52,967 root DEBUG Завершена загрузка вакансии /vacancies/81707961
2023-07-17 16:54:52,969 root DEBUG Завершена загрузка вакансии /vacancies/81021744
2023-07-17 16:54:53,011 root DEBUG Завершена загрузка вакансии /vacancies/82986443
2023-07-17 16:54:53,135 root DEBUG Завершена загрузка вакансии /vacancies/81142661
2023-07-17 16:54:53,136 root DEBUG Завершена загрузка вакансии /vacancies/77731486
2023-07-17 16:54:53,215 root DEBUG Завершена загрузка вакансии /vacancies/82444113
2023-07-17 16:54:53,363 root DEBUG Завершена загрузка вакансии /vacancies/80812466
2023-07-17 16:54:53,372 root DEBUG Завершена загрузка вакансии /vacancies/82571318
2023-07-17 16:54:53,376 root DEBUG Завершена загрузка вакансии /vacancies/81115699
2023-07-17 16:54:53,627 root DEBUG Завершена загрузка вакансии /vacancies/76756653
2023-07-17 16:54:53,654 root DEBUG Завершена загрузка вакансии /vacancies/71418146
2023-07-17 16:54:53,901 root DEBUG Завершена загрузка вакансии /vacancies/82892335
2023-07-17 16:54:53,903 root DEBUG Завершена загрузка вакансии /vacancies/76756654
2023-07-17 16:54:54,077 root DEBUG Завершена загрузка вакансии /vacancies/83029207
2023-07-17 16:54:54,123 root DEBUG Завершена загрузка вакансии /vacancies/81085097
2023-07-17 16:54:54,221 root DEBUG Завершена загрузка вакансии /vacancies/82144206
2023-07-17 16:54:54,290 root DEBUG Завершена загрузка вакансии /vacancies/76868710
2023-07-17 16:54:54,348 root DEBUG Завершена загрузка вакансии /vacancies/81460227
2023-07-17 16:54:54,440 root DEBUG Завершена загрузка вакансии /vacancies/80496137
2023-07-17 16:54:54,484 root DEBUG Завершена загрузка вакансии /vacancies/82170330
2023-07-17 16:54:54,550 root DEBUG Завершена загрузка вакансии /vacancies/81142660
2023-07-17 16:54:54,724 root DEBUG Завершена загрузка вакансии /vacancies/71226025
2023-07-17 16:54:54,765 root DEBUG Завершена загрузка вакансии /vacancies/82144211
2023-07-17 16:54:54,900 root DEBUG Завершена загрузка вакансии /vacancies/82179566
2023-07-17 16:54:54,911 root DEBUG Завершена загрузка вакансии /vacancies/82929739
2023-07-17 16:54:54,978 root DEBUG Завершена загрузка вакансии /vacancies/80935302
2023-07-17 16:54:55,186 root DEBUG Завершена загрузка вакансии /vacancies/83110431
2023-07-17 16:54:55,431 root DEBUG Завершена загрузка вакансии /vacancies/80496136
2023-07-17 16:54:55,459 root DEBUG Завершена загрузка вакансии /vacancies/82773299
2023-07-17 16:54:55,610 root DEBUG Завершена загрузка вакансии /vacancies/80241657
2023-07-17 16:54:55,701 root DEBUG Завершена загрузка вакансии /vacancies/76868723
2023-07-17 16:54:55,920 root DEBUG Завершена загрузка вакансии /vacancies/79985304
2023-07-17 16:54:55,922 root DEBUG Завершена загрузка вакансии /vacancies/82434645
2023-07-17 16:54:55,923 root DEBUG Завершена загрузка вакансии /vacancies/81123241
2023-07-17 16:54:56,148 root DEBUG Завершена загрузка вакансии /vacancies/82573862
2023-07-17 16:54:56,151 root DEBUG Завершена загрузка вакансии /vacancies/81670839
2023-07-17 16:54:56,329 root DEBUG Завершена загрузка вакансии /vacancies/82915680
2023-07-17 16:54:56,342 root DEBUG Завершена загрузка вакансии /vacancies/82914361
2023-07-17 16:54:56,348 root DEBUG Завершена загрузка вакансии /vacancies/81922954
2023-07-17 16:54:56,535 root DEBUG Завершена загрузка вакансии /vacancies/80438617
2023-07-17 16:54:56,538 root DEBUG Завершена загрузка вакансии /vacancies/82133694
2023-07-17 16:54:56,541 root DEBUG Завершена загрузка вакансии /vacancies/80244477
2023-07-17 16:54:56,871 root DEBUG Завершена загрузка вакансии /vacancies/83111537
2023-07-17 16:54:56,873 root DEBUG Завершена загрузка вакансии /vacancies/83279673
2023-07-17 16:54:56,874 root DEBUG Завершена загрузка вакансии /vacancies/82966426
2023-07-17 16:54:57,054 root DEBUG Завершена загрузка вакансии /vacancies/82299017
2023-07-17 16:54:57,085 root DEBUG Завершена загрузка вакансии /vacancies/83213824
2023-07-17 16:54:57,179 root DEBUG Завершена загрузка вакансии /vacancies/80616697
2023-07-17 16:54:57,230 root DEBUG Завершена загрузка вакансии /vacancies/55088580
2023-07-17 16:54:57,254 root DEBUG Завершена загрузка вакансии /vacancies/72687504
2023-07-17 16:54:57,409 root DEBUG Завершена загрузка вакансии /vacancies/82986913
2023-07-17 16:54:57,417 root DEBUG Завершена загрузка вакансии /vacancies/82105829
2023-07-17 16:54:57,587 root DEBUG Завершена загрузка вакансии /vacancies/82529376
2023-07-17 16:54:57,613 root DEBUG Завершена загрузка вакансии /vacancies/81429521
2023-07-17 16:54:57,625 root DEBUG Завершена загрузка вакансии /vacancies/82572385
2023-07-17 16:54:57,778 root DEBUG Завершена загрузка вакансии /vacancies/81116767
2023-07-17 16:54:57,813 root DEBUG Завершена загрузка вакансии /vacancies/78058094
2023-07-17 16:54:58,583 root DEBUG Завершена загрузка вакансии /vacancies/83563019
2023-07-17 16:54:58,624 root ERROR Возникло исключение {'errors': [{'value': 'captcha_required', 'captcha_url': 'https://hh.ru/account/captcha?state=pxvcxBozfu7ry7R4QCetFmUA3SFZr_Pa4yXPQEusAiQOmzGUlbQmR88CkXIxd4kcFQ_D7kOTQxkBTjjRW_VR6pjjuD1aWwzVFGhFKAZ7dHc%3D', 'type': 'captcha_required'}], 'request_id': '1689598492552e4694416de0b8eb3693'}
Traceback (most recent call last):
  File "C:\Users\psann\Lesson\Python\PythonAdvanced\script\FinalProject\HHApiWorker.py", line 72, in getAllVacances
    vacancyId = result['id']
KeyError: 'id'
2023-07-17 16:54:58,626 root ERROR Возникло исключение {'errors': [{'value': 'captcha_required', 'captcha_url': 'https://hh.ru/account/captcha?state=pxvcxBozfu7ry7R4QCetFmUA3SFZr_Pa4yXPQEusAiQOmzGUlbQmR88CkXIxd4kcFQ_D7kOTQxkBTjjRW_VR6ic6Iglo1s9P-5qvG16e8hM%3D', 'type': 'captcha_required'}], 'request_id': '1689598492725cbaf6b7e081d65a77c7'}
Traceback (most recent call last):
  File "C:\Users\psann\Lesson\Python\PythonAdvanced\script\FinalProject\HHApiWorker.py", line 72, in getAllVacances
    vacancyId = result['id']
KeyError: 'id'
2023-07-17 16:54:58,628 root ERROR Возникло исключение {'errors': [{'value': 'captcha_required', 'captcha_url': 'https://hh.ru/account/captcha?state=pxvcxBozfu7ry7R4QCetFmUA3SFZr_Pa4yXPQEusAiQOmzGUlbQmR88CkXIxd4kcFQ_D7kOTQxkBTjjRW_VR6ppP_Q0KVj5aN91b4kkYlnQ%3D', 'type': 'captcha_required'}], 'request_id': '16895984927725ead230bdef4157eb17'}
Traceback (most recent call last):
  File "C:\Users\psann\Lesson\Python\PythonAdvanced\script\FinalProject\HHApiWorker.py", line 72, in getAllVacances
    vacancyId = result['id']
KeyError: 'id'
2023-07-17 16:54:58,628 root ERROR Возникло исключение {'errors': [{'value': 'captcha_required', 'captcha_url': 'https://hh.ru/account/captcha?state=pxvcxBozfu7ry7R4QCetFmUA3SFZr_Pa4yXPQEusAiQOmzGUlbQmR88CkXIxd4kcFQ_D7kOTQxkBTjjRW_VR6ufMOEPK-Lx3pMV6RXlHeyo%3D', 'type': 'captcha_required'}], 'request_id': '1689598492911d184d2504e209a2e067'}
Traceback (most recent call last):
  File "C:\Users\psann\Lesson\Python\PythonAdvanced\script\FinalProject\HHApiWorker.py", line 72, in getAllVacances
    vacancyId = result['id']
KeyError: 'id'
2023-07-17 16:54:58,628 root ERROR Возникло исключение {'errors': [{'value': 'captcha_required', 'captcha_url': 'https://hh.ru/account/captcha?state=pxvcxBozfu7ry7R4QCetFmUA3SFZr_Pa4yXPQEusAiQOmzGUlbQmR88CkXIxd4kcFQ_D7kOTQxkBTjjRW_VR6vwZhRjw94kjNHv97t3jLkc%3D', 'type': 'captcha_required'}], 'request_id': '1689598493069a36745bbaeb7209d29f'}
Traceback (most recent call last):
  File "C:\Users\psann\Lesson\Python\PythonAdvanced\script\FinalProject\HHApiWorker.py", line 72, in getAllVacances
    vacancyId = result['id']
KeyError: 'id'
2023-07-17 16:54:58,629 root ERROR Возникло исключение {'errors': [{'value': 'captcha_required', 'captcha_url': 'https://hh.ru/account/captcha?state=pxvcxBozfu7ry7R4QCetFmUA3SFZr_Pa4yXPQEusAiQOmzGUlbQmR88CkXIxd4kcFQ_D7kOTQxkBTjjRW_VR6nbzXcJsewrkt4zHT8hWtOw%3D', 'type': 'captcha_required'}], 'request_id': '1689598493074c39a071f36632b91152'}
Traceback (most recent call last):
  File "C:\Users\psann\Lesson\Python\PythonAdvanced\script\FinalProject\HHApiWorker.py", line 72, in getAllVacances
    vacancyId = result['id']
KeyError: 'id'
2023-07-17 16:54:58,629 root ERROR Возникло исключение {'errors': [{'value': 'captcha_required', 'captcha_url': 'https://hh.ru/account/captcha?state=pxvcxBozfu7ry7R4QCetFmUA3SFZr_Pa4yXPQEusAiQOmzGUlbQmR88CkXIxd4kcFQ_D7kOTQxkBTjjRW_VR6sbJHKCb6g06V_CTefETshk%3D', 'type': 'captcha_required'}], 'request_id': '168959849310482114a8a5bde6d12bb2'}
Traceback (most recent call last):
  File "C:\Users\psann\Lesson\Python\PythonAdvanced\script\FinalProject\HHApiWorker.py", line 72, in getAllVacances
    vacancyId = result['id']
KeyError: 'id'
2023-07-17 16:54:58,629 root ERROR Возникло исключение {'errors': [{'value': 'captcha_required', 'captcha_url': 'https://hh.ru/account/captcha?state=pxvcxBozfu7ry7R4QCetFmUA3SFZr_Pa4yXPQEusAiQOmzGUlbQmR88CkXIxd4kcFQ_D7kOTQxkBTjjRW_VR6oOZYnBja1tXk0HFVhLzYPg%3D', 'type': 'captcha_required'}], 'request_id': '16895984932390ecd95a2d43a855eed4'}
Traceback (most recent call last):
  File "C:\Users\psann\Lesson\Python\PythonAdvanced\script\FinalProject\HHApiWorker.py", line 72, in getAllVacances
    vacancyId = result['id']
KeyError: 'id'
2023-07-17 16:54:58,630 root ERROR Возникло исключение {'errors': [{'value': 'captcha_required', 'captcha_url': 'https://hh.ru/account/captcha?state=pxvcxBozfu7ry7R4QCetFmUA3SFZr_Pa4yXPQEusAiQOmzGUlbQmR88CkXIxd4kcFQ_D7kOTQxkBTjjRW_VR6tRQjpuXC_9Iij1YEqaLnoE%3D', 'type': 'captcha_required'}], 'request_id': '16895984932262ee7d7cf2f2334ef290'}
Traceback (most recent call last):
  File "C:\Users\psann\Lesson\Python\PythonAdvanced\script\FinalProject\HHApiWorker.py", line 72, in getAllVacances
    vacancyId = result['id']
KeyError: 'id'
2023-07-17 16:54:58,630 root ERROR Возникло исключение {'errors': [{'value': 'captcha_required', 'captcha_url': 'https://hh.ru/account/captcha?state=pxvcxBozfu7ry7R4QCetFmUA3SFZr_Pa4yXPQEusAiQOmzGUlbQmR88CkXIxd4kcFQ_D7kOTQxkBTjjRW_VR6hQepwySlELUOx8IQ-bAvS0%3D', 'type': 'captcha_required'}], 'request_id': '1689598493305e21cd963c97b2997a4c'}
Traceback (most recent call last):
  File "C:\Users\psann\Lesson\Python\PythonAdvanced\script\FinalProject\HHApiWorker.py", line 72, in getAllVacances
    vacancyId = result['id']
KeyError: 'id'
2023-07-17 16:54:58,630 root ERROR Возникло исключение {'errors': [{'value': 'captcha_required', 'captcha_url': 'https://hh.ru/account/captcha?state=pxvcxBozfu7ry7R4QCetFmUA3SFZr_Pa4yXPQEusAiQOmzGUlbQmR88CkXIxd4kcFQ_D7kOTQxkBTjjRW_VR6nu72A5ajKaxDTCVeKMiFJs%3D', 'type': 'captcha_required'}], 'request_id': '16895984934717ba914f40ffdbf397da'}
Traceback (most recent call last):
  File "C:\Users\psann\Lesson\Python\PythonAdvanced\script\FinalProject\HHApiWorker.py", line 72, in getAllVacances
    vacancyId = result['id']
KeyError: 'id'
2023-07-17 16:54:58,631 root ERROR Возникло исключение {'errors': [{'value': 'captcha_required', 'captcha_url': 'https://hh.ru/account/captcha?state=pxvcxBozfu7ry7R4QCetFmUA3SFZr_Pa4yXPQEusAiQOmzGUlbQmR88CkXIxd4kcFQ_D7kOTQxkBTjjRW_VR6ryFO3m2Tk3ncQosXvJT20c%3D', 'type': 'captcha_required'}], 'request_id': '1689598493468e1d1443e16050b637d2'}
Traceback (most recent call last):
  File "C:\Users\psann\Lesson\Python\PythonAdvanced\script\FinalProject\HHApiWorker.py", line 72, in getAllVacances
    vacancyId = result['id']
KeyError: 'id'
2023-07-17 16:54:58,631 root ERROR Возникло исключение {'errors': [{'value': 'captcha_required', 'captcha_url': 'https://hh.ru/account/captcha?state=pxvcxBozfu7ry7R4QCetFmUA3SFZr_Pa4yXPQEusAiQOmzGUlbQmR88CkXIxd4kcFQ_D7kOTQxkBTjjRW_VR6ooRPXKJZZU-fEWCxSYxLmg%3D', 'type': 'captcha_required'}], 'request_id': '16895984934865dc056138989a83c3dc'}
Traceback (most recent call last):
  File "C:\Users\psann\Lesson\Python\PythonAdvanced\script\FinalProject\HHApiWorker.py", line 72, in getAllVacances
    vacancyId = result['id']
KeyError: 'id'
2023-07-17 16:54:58,632 root ERROR Возникло исключение {'errors': [{'value': 'captcha_required', 'captcha_url': 'https://hh.ru/account/captcha?state=pxvcxBozfu7ry7R4QCetFmUA3SFZr_Pa4yXPQEusAiQOmzGUlbQmR88CkXIxd4kcFQ_D7kOTQxkBTjjRW_VR6r8JVkPg6UTi2R_-svauYvk%3D', 'type': 'captcha_required'}], 'request_id': '16895984937373753b682a82b044b89a'}
Traceback (most recent call last):
  File "C:\Users\psann\Lesson\Python\PythonAdvanced\script\FinalProject\HHApiWorker.py", line 72, in getAllVacances
    vacancyId = result['id']
KeyError: 'id'
2023-07-17 16:54:58,632 root ERROR Возникло исключение {'errors': [{'value': 'captcha_required', 'captcha_url': 'https://hh.ru/account/captcha?state=pxvcxBozfu7ry7R4QCetFmUA3SFZr_Pa4yXPQEusAiQOmzGUlbQmR88CkXIxd4kcFQ_D7kOTQxkBTjjRW_VR6ivxO4794UnVSwWp13UlcOk%3D', 'type': 'captcha_required'}], 'request_id': '168959849375270adb0ae947c112ec6e'}
Traceback (most recent call last):
  File "C:\Users\psann\Lesson\Python\PythonAdvanced\script\FinalProject\HHApiWorker.py", line 72, in getAllVacances
    vacancyId = result['id']
KeyError: 'id'
2023-07-17 16:54:58,632 root ERROR Возникло исключение {'errors': [{'value': 'captcha_required', 'captcha_url': 'https://hh.ru/account/captcha?state=pxvcxBozfu7ry7R4QCetFmUA3SFZr_Pa4yXPQEusAiQOmzGUlbQmR88CkXIxd4kcFQ_D7kOTQxkBTjjRW_VR6lcPrL7KDmp6Rf8xEfVai4Q%3D', 'type': 'captcha_required'}], 'request_id': '16895984939897ca2b312b41edaa7661'}
Traceback (most recent call last):
  File "C:\Users\psann\Lesson\Python\PythonAdvanced\script\FinalProject\HHApiWorker.py", line 72, in getAllVacances
    vacancyId = result['id']
KeyError: 'id'
2023-07-17 16:54:58,633 root ERROR Возникло исключение {'errors': [{'value': 'captcha_required', 'captcha_url': 'https://hh.ru/account/captcha?state=pxvcxBozfu7ry7R4QCetFmUA3SFZr_Pa4yXPQEusAiQOmzGUlbQmR88CkXIxd4kcFQ_D7kOTQxkBTjjRW_VR6hcFydkoZ2Rv12jL3-WCok8%3D', 'type': 'captcha_required'}], 'request_id': '1689598494001b55efe1cf9d98236682'}
Traceback (most recent call last):
  File "C:\Users\psann\Lesson\Python\PythonAdvanced\script\FinalProject\HHApiWorker.py", line 72, in getAllVacances
    vacancyId = result['id']
KeyError: 'id'
2023-07-17 16:54:58,633 root ERROR Возникло исключение {'errors': [{'value': 'captcha_required', 'captcha_url': 'https://hh.ru/account/captcha?state=pxvcxBozfu7ry7R4QCetFmUA3SFZr_Pa4yXPQEusAiQOmzGUlbQmR88CkXIxd4kcFQ_D7kOTQxkBTjjRW_VR6kjM6TN13gR5EBgjb8WkmuA%3D', 'type': 'captcha_required'}], 'request_id': '16895984941657c06155108193427762'}
Traceback (most recent call last):
  File "C:\Users\psann\Lesson\Python\PythonAdvanced\script\FinalProject\HHApiWorker.py", line 72, in getAllVacances
    vacancyId = result['id']
KeyError: 'id'
2023-07-17 16:54:58,633 root ERROR Возникло исключение {'errors': [{'value': 'captcha_required', 'captcha_url': 'https://hh.ru/account/captcha?state=pxvcxBozfu7ry7R4QCetFmUA3SFZr_Pa4yXPQEusAiQOmzGUlbQmR88CkXIxd4kcFQ_D7kOTQxkBTjjRW_VR6nfg5eveoxYPfQ8OSXOhbVQ%3D', 'type': 'captcha_required'}], 'request_id': '1689598494206a93534e587374f1af8e'}
Traceback (most recent call last):
  File "C:\Users\psann\Lesson\Python\PythonAdvanced\script\FinalProject\HHApiWorker.py", line 72, in getAllVacances
    vacancyId = result['id']
KeyError: 'id'
2023-07-17 16:54:58,633 root ERROR Возникло исключение {'errors': [{'value': 'captcha_required', 'captcha_url': 'https://hh.ru/account/captcha?state=pxvcxBozfu7ry7R4QCetFmUA3SFZr_Pa4yXPQEusAiQOmzGUlbQmR88CkXIxd4kcFQ_D7kOTQxkBTjjRW_VR6utcpIUrsbsP1wit1Cxcug0%3D', 'type': 'captcha_required'}], 'request_id': '16895984943433010c6078c597a8d2a6'}
Traceback (most recent call last):
  File "C:\Users\psann\Lesson\Python\PythonAdvanced\script\FinalProject\HHApiWorker.py", line 72, in getAllVacances
    vacancyId = result['id']
KeyError: 'id'
2023-07-17 16:54:58,634 root ERROR Возникло исключение {'errors': [{'value': 'captcha_required', 'captcha_url': 'https://hh.ru/account/captcha?state=pxvcxBozfu7ry7R4QCetFmUA3SFZr_Pa4yXPQEusAiQOmzGUlbQmR88CkXIxd4kcFQ_D7kOTQxkBTjjRW_VR6jkdDu_hryo7LAhF0uh5znI%3D', 'type': 'captcha_required'}], 'request_id': '1689598494384e3c4984bb63c24fbfdb'}
Traceback (most recent call last):
  File "C:\Users\psann\Lesson\Python\PythonAdvanced\script\FinalProject\HHApiWorker.py", line 72, in getAllVacances
    vacancyId = result['id']
KeyError: 'id'
2023-07-17 16:54:58,634 root ERROR Возникло исключение {'errors': [{'value': 'captcha_required', 'captcha_url': 'https://hh.ru/account/captcha?state=pxvcxBozfu7ry7R4QCetFmUA3SFZr_Pa4yXPQEusAiQOmzGUlbQmR88CkXIxd4kcFQ_D7kOTQxkBTjjRW_VR6ochfW9NiqUKorSKzwUBoOA%3D', 'type': 'captcha_required'}], 'request_id': '1689598494443b7b22739e65aa21af8d'}
Traceback (most recent call last):
  File "C:\Users\psann\Lesson\Python\PythonAdvanced\script\FinalProject\HHApiWorker.py", line 72, in getAllVacances
    vacancyId = result['id']
KeyError: 'id'
2023-07-17 16:54:58,634 root ERROR Возникло исключение {'errors': [{'value': 'captcha_required', 'captcha_url': 'https://hh.ru/account/captcha?state=pxvcxBozfu7ry7R4QCetFmUA3SFZr_Pa4yXPQEusAiQOmzGUlbQmR88CkXIxd4kcFQ_D7kOTQxkBTjjRW_VR6kGTdW8HzmDSLGCmy13gA2k%3D', 'type': 'captcha_required'}], 'request_id': '16895984945433066683e0f6ec221923'}
Traceback (most recent call last):
  File "C:\Users\psann\Lesson\Python\PythonAdvanced\script\FinalProject\HHApiWorker.py", line 72, in getAllVacances
    vacancyId = result['id']
KeyError: 'id'
2023-07-17 16:54:58,634 root ERROR Возникло исключение {'errors': [{'value': 'captcha_required', 'captcha_url': 'https://hh.ru/account/captcha?state=pxvcxBozfu7ry7R4QCetFmUA3SFZr_Pa4yXPQEusAiQOmzGUlbQmR88CkXIxd4kcFQ_D7kOTQxkBTjjRW_VR6jfdTcm1aQm2h98yTufwV6M%3D', 'type': 'captcha_required'}], 'request_id': '1689598494565caf29f3cd0a2fdcbba5'}
Traceback (most recent call last):
  File "C:\Users\psann\Lesson\Python\PythonAdvanced\script\FinalProject\HHApiWorker.py", line 72, in getAllVacances
    vacancyId = result['id']
KeyError: 'id'
2023-07-17 16:54:58,635 root ERROR Возникло исключение {'errors': [{'value': 'captcha_required', 'captcha_url': 'https://hh.ru/account/captcha?state=pxvcxBozfu7ry7R4QCetFmUA3SFZr_Pa4yXPQEusAiQOmzGUlbQmR88CkXIxd4kcFQ_D7kOTQxkBTjjRW_VR6mCCyj3Wus43Yn-C-oWAh8A%3D', 'type': 'captcha_required'}], 'request_id': '168959849466654ca7a0f6fcfe55ad6d'}
Traceback (most recent call last):
  File "C:\Users\psann\Lesson\Python\PythonAdvanced\script\FinalProject\HHApiWorker.py", line 72, in getAllVacances
    vacancyId = result['id']
KeyError: 'id'
2023-07-17 16:54:58,635 root ERROR Возникло исключение {'errors': [{'value': 'captcha_required', 'captcha_url': 'https://hh.ru/account/captcha?state=pxvcxBozfu7ry7R4QCetFmUA3SFZr_Pa4yXPQEusAiQOmzGUlbQmR88CkXIxd4kcFQ_D7kOTQxkBTjjRW_VR6jCXmKVFcdbecW7IqmL1ojA%3D', 'type': 'captcha_required'}], 'request_id': '1689598494828889a37552bd1a253303'}
Traceback (most recent call last):
  File "C:\Users\psann\Lesson\Python\PythonAdvanced\script\FinalProject\HHApiWorker.py", line 72, in getAllVacances
    vacancyId = result['id']
KeyError: 'id'
2023-07-17 16:54:58,635 root ERROR Возникло исключение {'errors': [{'value': 'captcha_required', 'captcha_url': 'https://hh.ru/account/captcha?state=pxvcxBozfu7ry7R4QCetFmUA3SFZr_Pa4yXPQEusAiQOmzGUlbQmR88CkXIxd4kcFQ_D7kOTQxkBTjjRW_VR6ukESX3jcc5Hkb7Mmex3m64%3D', 'type': 'captcha_required'}], 'request_id': '16895984948862c3d23241007237e81c'}
Traceback (most recent call last):
  File "C:\Users\psann\Lesson\Python\PythonAdvanced\script\FinalProject\HHApiWorker.py", line 72, in getAllVacances
    vacancyId = result['id']
KeyError: 'id'
2023-07-17 16:54:58,636 root ERROR Возникло исключение {'errors': [{'value': 'captcha_required', 'captcha_url': 'https://hh.ru/account/captcha?state=pxvcxBozfu7ry7R4QCetFmUA3SFZr_Pa4yXPQEusAiQOmzGUlbQmR88CkXIxd4kcFQ_D7kOTQxkBTjjRW_VR6qAemdw1q-0MzX2MdnyQ0CI%3D', 'type': 'captcha_required'}], 'request_id': '1689598494982956cceb2372a3d5a096'}
Traceback (most recent call last):
  File "C:\Users\psann\Lesson\Python\PythonAdvanced\script\FinalProject\HHApiWorker.py", line 72, in getAllVacances
    vacancyId = result['id']
KeyError: 'id'
2023-07-17 16:54:58,636 root ERROR Возникло исключение {'errors': [{'value': 'captcha_required', 'captcha_url': 'https://hh.ru/account/captcha?state=pxvcxBozfu7ry7R4QCetFmUA3SFZr_Pa4yXPQEusAiQOmzGUlbQmR88CkXIxd4kcFQ_D7kOTQxkBTjjRW_VR6gSWnFEoVGbImsH6hSrCLRg%3D', 'type': 'captcha_required'}], 'request_id': '168959849500096333f1a6fa1bce8073'}
Traceback (most recent call last):
  File "C:\Users\psann\Lesson\Python\PythonAdvanced\script\FinalProject\HHApiWorker.py", line 72, in getAllVacances
    vacancyId = result['id']
KeyError: 'id'
2023-07-17 16:54:58,636 root ERROR Возникло исключение {'errors': [{'value': 'captcha_required', 'captcha_url': 'https://hh.ru/account/captcha?state=pxvcxBozfu7ry7R4QCetFmUA3SFZr_Pa4yXPQEusAiQOmzGUlbQmR88CkXIxd4kcFQ_D7kOTQxkBTjjRW_VR6vf_OuzbEbNrdOb7ERscEuk%3D', 'type': 'captcha_required'}], 'request_id': '16895984950661332c17029ae6b2802c'}
Traceback (most recent call last):
  File "C:\Users\psann\Lesson\Python\PythonAdvanced\script\FinalProject\HHApiWorker.py", line 72, in getAllVacances
    vacancyId = result['id']
KeyError: 'id'
2023-07-17 16:54:58,636 root ERROR Возникло исключение {'errors': [{'value': 'captcha_required', 'captcha_url': 'https://hh.ru/account/captcha?state=pxvcxBozfu7ry7R4QCetFmUA3SFZr_Pa4yXPQEusAiQOmzGUlbQmR88CkXIxd4kcFQ_D7kOTQxkBTjjRW_VR6n--T-QTT5EZdVLb2ICybRE%3D', 'type': 'captcha_required'}], 'request_id': '168959849526454e1132ba543b8066c3'}
Traceback (most recent call last):
  File "C:\Users\psann\Lesson\Python\PythonAdvanced\script\FinalProject\HHApiWorker.py", line 72, in getAllVacances
    vacancyId = result['id']
KeyError: 'id'
2023-07-17 16:54:58,637 root ERROR Возникло исключение {'errors': [{'value': 'captcha_required', 'captcha_url': 'https://hh.ru/account/captcha?state=pxvcxBozfu7ry7R4QCetFmUA3SFZr_Pa4yXPQEusAiQOmzGUlbQmR88CkXIxd4kcFQ_D7kOTQxkBTjjRW_VR6is5PBZkDAQelv9mjAmr3QY%3D', 'type': 'captcha_required'}], 'request_id': '16895984955547c160747e4b9e2f4c81'}
Traceback (most recent call last):
  File "C:\Users\psann\Lesson\Python\PythonAdvanced\script\FinalProject\HHApiWorker.py", line 72, in getAllVacances
    vacancyId = result['id']
KeyError: 'id'
2023-07-17 16:54:58,637 root ERROR Возникло исключение {'errors': [{'value': 'captcha_required', 'captcha_url': 'https://hh.ru/account/captcha?state=pxvcxBozfu7ry7R4QCetFmUA3SFZr_Pa4yXPQEusAiQOmzGUlbQmR88CkXIxd4kcFQ_D7kOTQxkBTjjRW_VR6jHC3lhnHmSBmVPJe9BKVUI%3D', 'type': 'captcha_required'}], 'request_id': '1689598495544dbe5e5d58ef2006fc23'}
Traceback (most recent call last):
  File "C:\Users\psann\Lesson\Python\PythonAdvanced\script\FinalProject\HHApiWorker.py", line 72, in getAllVacances
    vacancyId = result['id']
KeyError: 'id'
2023-07-17 16:54:58,637 root ERROR Возникло исключение {'errors': [{'value': 'captcha_required', 'captcha_url': 'https://hh.ru/account/captcha?state=pxvcxBozfu7ry7R4QCetFmUA3SFZr_Pa4yXPQEusAiQOmzGUlbQmR88CkXIxd4kcFQ_D7kOTQxkBTjjRW_VR6ol8isnQPDr4C0v1HbZCb6g%3D', 'type': 'captcha_required'}], 'request_id': '1689598495705fcfacca82a6e660aaa5'}
Traceback (most recent call last):
  File "C:\Users\psann\Lesson\Python\PythonAdvanced\script\FinalProject\HHApiWorker.py", line 72, in getAllVacances
    vacancyId = result['id']
KeyError: 'id'
2023-07-17 16:54:58,637 root ERROR Возникло исключение {'errors': [{'value': 'captcha_required', 'captcha_url': 'https://hh.ru/account/captcha?state=pxvcxBozfu7ry7R4QCetFmUA3SFZr_Pa4yXPQEusAiQOmzGUlbQmR88CkXIxd4kcFQ_D7kOTQxkBTjjRW_VR6tQCAXI5GLW0tFcrcnt6aZE%3D', 'type': 'captcha_required'}], 'request_id': '1689598495784deff76a2f497f3546cd'}
Traceback (most recent call last):
  File "C:\Users\psann\Lesson\Python\PythonAdvanced\script\FinalProject\HHApiWorker.py", line 72, in getAllVacances
    vacancyId = result['id']
KeyError: 'id'
2023-07-17 16:54:58,638 root ERROR Возникло исключение {'errors': [{'value': 'captcha_required', 'captcha_url': 'https://hh.ru/account/captcha?state=pxvcxBozfu7ry7R4QCetFmUA3SFZr_Pa4yXPQEusAiQOmzGUlbQmR88CkXIxd4kcFQ_D7kOTQxkBTjjRW_VR6o34qvJ6el6AsRBZ_5uF6Aw%3D', 'type': 'captcha_required'}], 'request_id': '1689598496012866a1237d3b18c3a401'}
Traceback (most recent call last):
  File "C:\Users\psann\Lesson\Python\PythonAdvanced\script\FinalProject\HHApiWorker.py", line 72, in getAllVacances
    vacancyId = result['id']
KeyError: 'id'
2023-07-17 16:54:58,638 root ERROR Возникло исключение {'errors': [{'value': 'captcha_required', 'captcha_url': 'https://hh.ru/account/captcha?state=pxvcxBozfu7ry7R4QCetFmUA3SFZr_Pa4yXPQEusAiQOmzGUlbQmR88CkXIxd4kcFQ_D7kOTQxkBTjjRW_VR6q3vAOTF-K7f-phPG3ZaIvo%3D', 'type': 'captcha_required'}], 'request_id': '1689598496016b62b77aaa9e8e32de98'}
Traceback (most recent call last):
  File "C:\Users\psann\Lesson\Python\PythonAdvanced\script\FinalProject\HHApiWorker.py", line 72, in getAllVacances
    vacancyId = result['id']
KeyError: 'id'
2023-07-17 16:54:58,638 root ERROR Возникло исключение {'errors': [{'value': 'captcha_required', 'captcha_url': 'https://hh.ru/account/captcha?state=pxvcxBozfu7ry7R4QCetFmUA3SFZr_Pa4yXPQEusAiQOmzGUlbQmR88CkXIxd4kcFQ_D7kOTQxkBTjjRW_VR6tOKollbsuu-orxzmQ_xlKU%3D', 'type': 'captcha_required'}], 'request_id': '1689598496014a75e0967ff1fd9e0355'}
Traceback (most recent call last):
  File "C:\Users\psann\Lesson\Python\PythonAdvanced\script\FinalProject\HHApiWorker.py", line 72, in getAllVacances
    vacancyId = result['id']
KeyError: 'id'
2023-07-17 16:54:58,638 root ERROR Возникло исключение {'errors': [{'value': 'captcha_required', 'captcha_url': 'https://hh.ru/account/captcha?state=pxvcxBozfu7ry7R4QCetFmUA3SFZr_Pa4yXPQEusAiQOmzGUlbQmR88CkXIxd4kcFQ_D7kOTQxkBTjjRW_VR6mLqmCeJgzwWmRajgHhB6bM%3D', 'type': 'captcha_required'}], 'request_id': '16895984962446bfe1a116abbd9427ca'}
Traceback (most recent call last):
  File "C:\Users\psann\Lesson\Python\PythonAdvanced\script\FinalProject\HHApiWorker.py", line 72, in getAllVacances
    vacancyId = result['id']
KeyError: 'id'
2023-07-17 16:54:58,638 root ERROR Возникло исключение {'errors': [{'value': 'captcha_required', 'captcha_url': 'https://hh.ru/account/captcha?state=pxvcxBozfu7ry7R4QCetFmUA3SFZr_Pa4yXPQEusAiQOmzGUlbQmR88CkXIxd4kcFQ_D7kOTQxkBTjjRW_VR6lQzrq80VDzr0w5fSYCojQI%3D', 'type': 'captcha_required'}], 'request_id': '168959849624463eccdc5f1d57bbc70d'}
Traceback (most recent call last):
  File "C:\Users\psann\Lesson\Python\PythonAdvanced\script\FinalProject\HHApiWorker.py", line 72, in getAllVacances
    vacancyId = result['id']
KeyError: 'id'
2023-07-17 16:54:58,639 root ERROR Возникло исключение {'errors': [{'value': 'captcha_required', 'captcha_url': 'https://hh.ru/account/captcha?state=pxvcxBozfu7ry7R4QCetFmUA3SFZr_Pa4yXPQEusAiQOmzGUlbQmR88CkXIxd4kcFQ_D7kOTQxkBTjjRW_VR6qvZRF09QvbJZTiwliqOkOs%3D', 'type': 'captcha_required'}], 'request_id': '16895984964246d05e3edb58d6e19575'}
Traceback (most recent call last):
  File "C:\Users\psann\Lesson\Python\PythonAdvanced\script\FinalProject\HHApiWorker.py", line 72, in getAllVacances
    vacancyId = result['id']
KeyError: 'id'
2023-07-17 16:54:58,639 root ERROR Возникло исключение {'errors': [{'value': 'captcha_required', 'captcha_url': 'https://hh.ru/account/captcha?state=pxvcxBozfu7ry7R4QCetFmUA3SFZr_Pa4yXPQEusAiQOmzGUlbQmR88CkXIxd4kcFQ_D7kOTQxkBTjjRW_VR6h9-rBHMMmHqW1fBVIkEUPM%3D', 'type': 'captcha_required'}], 'request_id': '1689598496437aace5b72d29ec989ad9'}
Traceback (most recent call last):
  File "C:\Users\psann\Lesson\Python\PythonAdvanced\script\FinalProject\HHApiWorker.py", line 72, in getAllVacances
    vacancyId = result['id']
KeyError: 'id'
2023-07-17 16:54:58,639 root ERROR Возникло исключение {'errors': [{'value': 'captcha_required', 'captcha_url': 'https://hh.ru/account/captcha?state=pxvcxBozfu7ry7R4QCetFmUA3SFZr_Pa4yXPQEusAiQOmzGUlbQmR88CkXIxd4kcFQ_D7kOTQxkBTjjRW_VR6sLhX1F1eqS5FV7RPqDV_D4%3D', 'type': 'captcha_required'}], 'request_id': '16895984964526e8b7bd3c67503e4dcc'}
Traceback (most recent call last):
  File "C:\Users\psann\Lesson\Python\PythonAdvanced\script\FinalProject\HHApiWorker.py", line 72, in getAllVacances
    vacancyId = result['id']
KeyError: 'id'
2023-07-17 16:54:58,639 root ERROR Возникло исключение {'errors': [{'value': 'captcha_required', 'captcha_url': 'https://hh.ru/account/captcha?state=pxvcxBozfu7ry7R4QCetFmUA3SFZr_Pa4yXPQEusAiQOmzGUlbQmR88CkXIxd4kcFQ_D7kOTQxkBTjjRW_VR6mIE3wMN_kfUYhT6IqPjV2U%3D', 'type': 'captcha_required'}], 'request_id': '1689598496626f3e424bc34260a0b62d'}
Traceback (most recent call last):
  File "C:\Users\psann\Lesson\Python\PythonAdvanced\script\FinalProject\HHApiWorker.py", line 72, in getAllVacances
    vacancyId = result['id']
KeyError: 'id'
2023-07-17 16:54:58,640 root ERROR Возникло исключение {'errors': [{'value': 'captcha_required', 'captcha_url': 'https://hh.ru/account/captcha?state=pxvcxBozfu7ry7R4QCetFmUA3SFZr_Pa4yXPQEusAiQOmzGUlbQmR88CkXIxd4kcFQ_D7kOTQxkBTjjRW_VR6riTLWrE8eFmoL7ONb5veNk%3D', 'type': 'captcha_required'}], 'request_id': '16895984966244d57eb88a3aa6feb83b'}
Traceback (most recent call last):
  File "C:\Users\psann\Lesson\Python\PythonAdvanced\script\FinalProject\HHApiWorker.py", line 72, in getAllVacances
    vacancyId = result['id']
KeyError: 'id'
2023-07-17 16:54:58,640 root ERROR Возникло исключение {'errors': [{'value': 'captcha_required', 'captcha_url': 'https://hh.ru/account/captcha?state=pxvcxBozfu7ry7R4QCetFmUA3SFZr_Pa4yXPQEusAiQOmzGUlbQmR88CkXIxd4kcFQ_D7kOTQxkBTjjRW_VR6mXZnE9L3oTAtgjMjpYhcO4%3D', 'type': 'captcha_required'}], 'request_id': '16895984966294d67a2f9759d56520e2'}
Traceback (most recent call last):
  File "C:\Users\psann\Lesson\Python\PythonAdvanced\script\FinalProject\HHApiWorker.py", line 72, in getAllVacances
    vacancyId = result['id']
KeyError: 'id'
2023-07-17 16:54:58,640 root ERROR Возникло исключение {'errors': [{'value': 'captcha_required', 'captcha_url': 'https://hh.ru/account/captcha?state=pxvcxBozfu7ry7R4QCetFmUA3SFZr_Pa4yXPQEusAiQOmzGUlbQmR88CkXIxd4kcFQ_D7kOTQxkBTjjRW_VR6pCpv7j5yDAKGN1r7KhT1yA%3D', 'type': 'captcha_required'}], 'request_id': '1689598496966cb9824f8e7a531a1cd5'}
Traceback (most recent call last):
  File "C:\Users\psann\Lesson\Python\PythonAdvanced\script\FinalProject\HHApiWorker.py", line 72, in getAllVacances
    vacancyId = result['id']
KeyError: 'id'
2023-07-17 16:54:58,640 root ERROR Возникло исключение {'errors': [{'value': 'captcha_required', 'captcha_url': 'https://hh.ru/account/captcha?state=pxvcxBozfu7ry7R4QCetFmUA3SFZr_Pa4yXPQEusAiQOmzGUlbQmR88CkXIxd4kcFQ_D7kOTQxkBTjjRW_VR6gDfrAEH3rr7d6qsrBSBhDw%3D', 'type': 'captcha_required'}], 'request_id': '1689598496965de5414d19b6629617bc'}
Traceback (most recent call last):
  File "C:\Users\psann\Lesson\Python\PythonAdvanced\script\FinalProject\HHApiWorker.py", line 72, in getAllVacances
    vacancyId = result['id']
KeyError: 'id'
2023-07-17 16:54:58,641 root ERROR Возникло исключение {'errors': [{'value': 'captcha_required', 'captcha_url': 'https://hh.ru/account/captcha?state=pxvcxBozfu7ry7R4QCetFmUA3SFZr_Pa4yXPQEusAiQOmzGUlbQmR88CkXIxd4kcFQ_D7kOTQxkBTjjRW_VR6p8hyBDLx5_lNauRpf088Oo%3D', 'type': 'captcha_required'}], 'request_id': '168959849696823a535738400a7eac5d'}
Traceback (most recent call last):
  File "C:\Users\psann\Lesson\Python\PythonAdvanced\script\FinalProject\HHApiWorker.py", line 72, in getAllVacances
    vacancyId = result['id']
KeyError: 'id'
2023-07-17 16:54:58,641 root ERROR Возникло исключение {'errors': [{'value': 'captcha_required', 'captcha_url': 'https://hh.ru/account/captcha?state=pxvcxBozfu7ry7R4QCetFmUA3SFZr_Pa4yXPQEusAiQOmzGUlbQmR88CkXIxd4kcFQ_D7kOTQxkBTjjRW_VR6vzjpCBnY86M2hk9dDN2gOM%3D', 'type': 'captcha_required'}], 'request_id': '16895984971507e0410025e335601e56'}
Traceback (most recent call last):
  File "C:\Users\psann\Lesson\Python\PythonAdvanced\script\FinalProject\HHApiWorker.py", line 72, in getAllVacances
    vacancyId = result['id']
KeyError: 'id'
2023-07-17 16:54:58,641 root ERROR Возникло исключение {'errors': [{'value': 'captcha_required', 'captcha_url': 'https://hh.ru/account/captcha?state=pxvcxBozfu7ry7R4QCetFmUA3SFZr_Pa4yXPQEusAiQOmzGUlbQmR88CkXIxd4kcFQ_D7kOTQxkBTjjRW_VR6gvlr6Xs80Dk-gH3pHT5T50%3D', 'type': 'captcha_required'}], 'request_id': '16895984971842379ee4b130817614ee'}
Traceback (most recent call last):
  File "C:\Users\psann\Lesson\Python\PythonAdvanced\script\FinalProject\HHApiWorker.py", line 72, in getAllVacances
    vacancyId = result['id']
KeyError: 'id'
2023-07-17 16:54:58,641 root ERROR Возникло исключение {'errors': [{'value': 'captcha_required', 'captcha_url': 'https://hh.ru/account/captcha?state=pxvcxBozfu7ry7R4QCetFmUA3SFZr_Pa4yXPQEusAiQOmzGUlbQmR88CkXIxd4kcFQ_D7kOTQxkBTjjRW_VR6m9HYVBzTiNJLi2epmxdYjc%3D', 'type': 'captcha_required'}], 'request_id': '16895984972743f1620811c4d2699e46'}
Traceback (most recent call last):
  File "C:\Users\psann\Lesson\Python\PythonAdvanced\script\FinalProject\HHApiWorker.py", line 72, in getAllVacances
    vacancyId = result['id']
KeyError: 'id'
2023-07-17 16:54:58,642 root ERROR Возникло исключение {'errors': [{'value': 'captcha_required', 'captcha_url': 'https://hh.ru/account/captcha?state=pxvcxBozfu7ry7R4QCetFmUA3SFZr_Pa4yXPQEusAiQOmzGUlbQmR88CkXIxd4kcFQ_D7kOTQxkBTjjRW_VR6tvYaSUlxKmHyjUmiS-Yql0%3D', 'type': 'captcha_required'}], 'request_id': '1689598497334a193fae3922c000c358'}
Traceback (most recent call last):
  File "C:\Users\psann\Lesson\Python\PythonAdvanced\script\FinalProject\HHApiWorker.py", line 72, in getAllVacances
    vacancyId = result['id']
KeyError: 'id'
2023-07-17 16:54:58,642 root ERROR Возникло исключение {'errors': [{'value': 'captcha_required', 'captcha_url': 'https://hh.ru/account/captcha?state=pxvcxBozfu7ry7R4QCetFmUA3SFZr_Pa4yXPQEusAiQOmzGUlbQmR88CkXIxd4kcFQ_D7kOTQxkBTjjRW_VR6uAwR5_s65HLY_GgoJXmjto%3D', 'type': 'captcha_required'}], 'request_id': '1689598497344d5f61359d03039a812a'}
Traceback (most recent call last):
  File "C:\Users\psann\Lesson\Python\PythonAdvanced\script\FinalProject\HHApiWorker.py", line 72, in getAllVacances
    vacancyId = result['id']
KeyError: 'id'
2023-07-17 16:54:58,642 root ERROR Возникло исключение {'errors': [{'value': 'captcha_required', 'captcha_url': 'https://hh.ru/account/captcha?state=pxvcxBozfu7ry7R4QCetFmUA3SFZr_Pa4yXPQEusAiQOmzGUlbQmR88CkXIxd4kcFQ_D7kOTQxkBTjjRW_VR6v7Pg3dsokl7eX4oOe6Pc8k%3D', 'type': 'captcha_required'}], 'request_id': '16895984975038542199b47694a3a6dc'}
Traceback (most recent call last):
  File "C:\Users\psann\Lesson\Python\PythonAdvanced\script\FinalProject\HHApiWorker.py", line 72, in getAllVacances
    vacancyId = result['id']
KeyError: 'id'
2023-07-17 16:54:58,642 root ERROR Возникло исключение {'errors': [{'value': 'captcha_required', 'captcha_url': 'https://hh.ru/account/captcha?state=pxvcxBozfu7ry7R4QCetFmUA3SFZr_Pa4yXPQEusAiQOmzGUlbQmR88CkXIxd4kcFQ_D7kOTQxkBTjjRW_VR6r1EsWnFNXIrh9mwvxaKwb8%3D', 'type': 'captcha_required'}], 'request_id': '1689598497511756deea0f1d27c50fbe'}
Traceback (most recent call last):
  File "C:\Users\psann\Lesson\Python\PythonAdvanced\script\FinalProject\HHApiWorker.py", line 72, in getAllVacances
    vacancyId = result['id']
KeyError: 'id'
2023-07-17 16:54:58,642 root ERROR Возникло исключение {'errors': [{'value': 'captcha_required', 'captcha_url': 'https://hh.ru/account/captcha?state=pxvcxBozfu7ry7R4QCetFmUA3SFZr_Pa4yXPQEusAiQOmzGUlbQmR88CkXIxd4kcFQ_D7kOTQxkBTjjRW_VR6luU49UYEffqPHHnNYxGQGs%3D', 'type': 'captcha_required'}], 'request_id': '1689598497703a9a3365e17930a8c478'}
Traceback (most recent call last):
  File "C:\Users\psann\Lesson\Python\PythonAdvanced\script\FinalProject\HHApiWorker.py", line 72, in getAllVacances
    vacancyId = result['id']
KeyError: 'id'
2023-07-17 16:54:58,643 root ERROR Возникло исключение {'errors': [{'value': 'captcha_required', 'captcha_url': 'https://hh.ru/account/captcha?state=pxvcxBozfu7ry7R4QCetFmUA3SFZr_Pa4yXPQEusAiQOmzGUlbQmR88CkXIxd4kcFQ_D7kOTQxkBTjjRW_VR6qoQE7vhcmpLWRpR1oYiIcQ%3D', 'type': 'captcha_required'}], 'request_id': '168959849770461b9a70ae3dd8cd867e'}
Traceback (most recent call last):
  File "C:\Users\psann\Lesson\Python\PythonAdvanced\script\FinalProject\HHApiWorker.py", line 72, in getAllVacances
    vacancyId = result['id']
KeyError: 'id'
2023-07-17 16:54:58,643 root ERROR Возникло исключение {'errors': [{'value': 'captcha_required', 'captcha_url': 'https://hh.ru/account/captcha?state=pxvcxBozfu7ry7R4QCetFmUA3SFZr_Pa4yXPQEusAiQOmzGUlbQmR88CkXIxd4kcFQ_D7kOTQxkBTjjRW_VR6g-ucer8lr7c46JrBNpcnaI%3D', 'type': 'captcha_required'}], 'request_id': '1689598497705d4175e598c41b56ac1f'}
Traceback (most recent call last):
  File "C:\Users\psann\Lesson\Python\PythonAdvanced\script\FinalProject\HHApiWorker.py", line 72, in getAllVacances
    vacancyId = result['id']
KeyError: 'id'
